<?xml version="1.0" encoding="UTF-8"?>
<robot generator="Robot 6.1.1 (Python 3.10.12 on win32)" generated="20241105 15:58:53.158" rpa="true" schemaversion="4">
<suite id="s1" name="Tasks" source="c:\Users\SiddharthLohapatre\OneDrive - nexler\Robot_Framework\robot_framework_cert2\tasks.robot">
<test id="s1-t1" name="Order robots from RobotSpareBin Industries Inc" line="22">
<kw name="Open Robot Order Website">
<kw name="New Browser" library="RPA.Browser.Playwright">
<arg>chromium</arg>
<arg>headless=False</arg>
<tag>BrowserControl</tag>
<tag>Setter</tag>
<doc>Create a new playwright Browser with specified options.</doc>
<msg timestamp="20241105 15:58:54.734" level="INFO">{"browser": "chromium", "headless": false, "chromiumSandbox": false, "devtools": false, "handleSIGHUP": true, "handleSIGINT": true, "handleSIGTERM": true, "slowMo": 0.0, "timeout": 30000.0, "tracesDir": "C:\\Users\\SiddharthLohapatre\\OneDrive - nexler\\Robot_Framework\\robot_framework_cert2\\browser\\traces\\5c2e7384-6844-4df4-9397-3276d6569043"}</msg>
<msg timestamp="20241105 15:58:55.159" level="INFO">Successfully created browser with options: {"browser":"chromium","headless":false,"chromiumSandbox":false,"devtools":false,"handleSIGHUP":true,"handleSIGINT":true,"handleSIGTERM":true,"slowMo":0,"timeout":30000,"tracesDir":"C:\\Users\\SiddharthLohapatre\\OneDrive - nexler\\Robot_Framework\\robot_framework_cert2\\browser\\traces\\5c2e7384-6844-4df4-9397-3276d6569043"}</msg>
<status status="PASS" starttime="20241105 15:58:54.733" endtime="20241105 15:58:55.159"/>
</kw>
<kw name="New Page" library="RPA.Browser.Playwright">
<arg>${WEBSITE_URL}</arg>
<tag>BrowserControl</tag>
<tag>Setter</tag>
<doc>Open a new Page.</doc>
<msg timestamp="20241105 15:58:55.679" level="INFO">Successfully initialized new page object and opened url: https://robotsparebinindustries.com/#/robot-order</msg>
<msg timestamp="20241105 15:58:55.680" level="INFO">No context was open. New context was automatically opened when this page is created.</msg>
<status status="PASS" starttime="20241105 15:58:55.160" endtime="20241105 15:58:55.680"/>
</kw>
<status status="PASS" starttime="20241105 15:58:54.733" endtime="20241105 15:58:55.680"/>
</kw>
<kw name="Download CSV File">
<kw name="Download" library="RPA.HTTP">
<arg>${ORDERS_URL}</arg>
<arg>overwrite=${TRUE}</arg>
<doc>An alias for the ``HTTP Get`` keyword.</doc>
<msg timestamp="20241105 15:58:55.681" level="INFO">Creating a new HTTP session</msg>
<msg timestamp="20241105 15:58:55.681" level="INFO">Creating Session using : alias=rpasession_alias.httpsrobotsparebinindustries.com, url=https://robotsparebinindustries.com, headers={},                     cookies={}, auth=None, timeout=None, proxies=None, verify=True,                     debug=0 </msg>
<status status="PASS" starttime="20241105 15:58:55.681" endtime="20241105 15:58:55.797"/>
</kw>
<status status="PASS" starttime="20241105 15:58:55.680" endtime="20241105 15:58:55.798"/>
</kw>
<kw name="Fill Form With CSV">
<kw name="Get Orders">
<var>${orders}</var>
<kw name="Read table from CSV" library="RPA.Tables">
<var>${orders}</var>
<arg>orders.csv</arg>
<arg>header=${TRUE}</arg>
<doc>Read a CSV file as a table.</doc>
<msg timestamp="20241105 15:58:55.801" level="INFO">${orders} = Table(columns=['Order number', 'Head', 'Body', 'Legs', 'Address'], rows=20)</msg>
<status status="PASS" starttime="20241105 15:58:55.799" endtime="20241105 15:58:55.801"/>
</kw>
<return>
<value>${orders}</value>
<status status="PASS" starttime="20241105 15:58:55.801" endtime="20241105 15:58:55.801"/>
</return>
<msg timestamp="20241105 15:58:55.802" level="INFO">${orders} = Table(columns=['Order number', 'Head', 'Body', 'Legs', 'Address'], rows=20)</msg>
<status status="PASS" starttime="20241105 15:58:55.798" endtime="20241105 15:58:55.802"/>
</kw>
<for flavor="IN">
<var>${row}</var>
<value>@{orders}</value>
<iter>
<var name="${row}">{'Order number': '1', 'Head': '1', 'Body': '2', 'Legs': '3', 'Address': 'Address 123'}</var>
<kw name="Fill And Submit CSV Data">
<arg>${row}</arg>
<kw name="Close Annoying Modal">
<kw name="Wait For Elements State" library="RPA.Browser.Playwright">
<arg>css=.modal-dialog</arg>
<arg>visible</arg>
<tag>PageContent</tag>
<tag>Wait</tag>
<doc>Waits for the element found by ``selector`` to satisfy state option.</doc>
<msg timestamp="20241105 15:58:55.831" level="INFO">Waited for Element with selector css=.modal-dialog at state visible</msg>
<status status="PASS" starttime="20241105 15:58:55.803" endtime="20241105 15:58:55.831"/>
</kw>
<kw name="Click" library="RPA.Browser.Playwright">
<arg>css=.btn.btn-dark</arg>
<tag>PageContent</tag>
<tag>Setter</tag>
<doc>Simulates mouse click on the element found by ``selector``.</doc>
<status status="PASS" starttime="20241105 15:58:55.831" endtime="20241105 15:58:55.873"/>
</kw>
<status status="PASS" starttime="20241105 15:58:55.803" endtime="20241105 15:58:55.873"/>
</kw>
<kw name="Select Options By" library="RPA.Browser.Playwright">
<arg>\#head</arg>
<arg>index</arg>
<arg>${row}[Head]</arg>
<tag>PageContent</tag>
<tag>Setter</tag>
<doc>Selects options from select element found by ``selector``.</doc>
<status status="PASS" starttime="20241105 15:58:55.873" endtime="20241105 15:58:55.896"/>
</kw>
<kw name="Click" library="RPA.Browser.Playwright">
<arg>css=#id-body-${row}[Body]</arg>
<tag>PageContent</tag>
<tag>Setter</tag>
<doc>Simulates mouse click on the element found by ``selector``.</doc>
<status status="PASS" starttime="20241105 15:58:55.896" endtime="20241105 15:58:55.944"/>
</kw>
<kw name="Fill Text" library="RPA.Browser.Playwright">
<arg>css=input[placeholder='Enter the part number for the legs']</arg>
<arg>${row}[Legs]</arg>
<tag>PageContent</tag>
<tag>Setter</tag>
<doc>Clears and fills the given ``txt`` into the text field found by ``selector``.</doc>
<msg timestamp="20241105 15:58:55.944" level="INFO">Fills the text '3' in the given field.</msg>
<status status="PASS" starttime="20241105 15:58:55.944" endtime="20241105 15:58:55.955"/>
</kw>
<kw name="Fill Text" library="RPA.Browser.Playwright">
<arg>\#address</arg>
<arg>${row}[Address]</arg>
<tag>PageContent</tag>
<tag>Setter</tag>
<doc>Clears and fills the given ``txt`` into the text field found by ``selector``.</doc>
<msg timestamp="20241105 15:58:55.956" level="INFO">Fills the text 'Address 123' in the given field.</msg>
<status status="PASS" starttime="20241105 15:58:55.955" endtime="20241105 15:58:55.967"/>
</kw>
<kw name="Click" library="RPA.Browser.Playwright">
<arg>text=Preview</arg>
<tag>PageContent</tag>
<tag>Setter</tag>
<doc>Simulates mouse click on the element found by ``selector``.</doc>
<status status="PASS" starttime="20241105 15:58:55.967" endtime="20241105 15:58:56.005"/>
</kw>
<kw name="Wait Until Network Is Idle" library="RPA.Browser.Playwright">
<tag>HTTP</tag>
<tag>Wait</tag>
<doc>Waits until there has been at least one instance of 500 ms of no network traffic on the page after loading.</doc>
<status status="PASS" starttime="20241105 15:58:56.006" endtime="20241105 15:58:56.562"/>
</kw>
<kw name="Click" library="RPA.Browser.Playwright">
<arg>css=#order</arg>
<tag>PageContent</tag>
<tag>Setter</tag>
<doc>Simulates mouse click on the element found by ``selector``.</doc>
<status status="PASS" starttime="20241105 15:58:56.562" endtime="20241105 15:58:56.590"/>
</kw>
<kw name="Get Element Count" library="RPA.Browser.Playwright">
<var>${alert_count}</var>
<arg>css=.alert-danger</arg>
<tag>Assertion</tag>
<tag>Getter</tag>
<tag>PageContent</tag>
<doc>Returns the count of elements found with ``selector``.</doc>
<msg timestamp="20241105 15:58:56.594" level="INFO">${alert_count} = 0</msg>
<status status="PASS" starttime="20241105 15:58:56.590" endtime="20241105 15:58:56.594"/>
</kw>
<while condition="${alert_count} &gt; 0">
<iter>
<kw name="Click" library="RPA.Browser.Playwright">
<arg>css=#order</arg>
<tag>PageContent</tag>
<tag>Setter</tag>
<doc>Simulates mouse click on the element found by ``selector``.</doc>
<status status="NOT RUN" starttime="20241105 15:58:56.595" endtime="20241105 15:58:56.595"/>
</kw>
<kw name="Get Element Count" library="RPA.Browser.Playwright">
<var>${alert_count}</var>
<arg>css=.alert-danger</arg>
<tag>Assertion</tag>
<tag>Getter</tag>
<tag>PageContent</tag>
<doc>Returns the count of elements found with ``selector``.</doc>
<status status="NOT RUN" starttime="20241105 15:58:56.595" endtime="20241105 15:58:56.595"/>
</kw>
<status status="NOT RUN" starttime="20241105 15:58:56.594" endtime="20241105 15:58:56.595"/>
</iter>
<status status="NOT RUN" starttime="20241105 15:58:56.594" endtime="20241105 15:58:56.595"/>
</while>
<kw name="Store Receipt As PDF">
<var>${pdf_stored}</var>
<arg>${row}[Order number]</arg>
<kw name="Get Property" library="RPA.Browser.Playwright">
<var>${receipt_html}</var>
<arg>\#order-completion</arg>
<arg>innerHTML</arg>
<tag>Assertion</tag>
<tag>Getter</tag>
<tag>PageContent</tag>
<doc>Returns the ``property`` of the element found by ``selector``.</doc>
<msg timestamp="20241105 15:58:56.604" level="INFO">Property: '&lt;div id="receipt" class="alert alert-success" role="alert"&gt;&lt;h3&gt;Receipt&lt;/h3&gt;&lt;div&gt;2024-11-05T14:58:56.584Z&lt;/div&gt;&lt;p class="badge badge-success"&gt;RSB-ROBO-ORDER-J2SHXXHJ39&lt;/p&gt;&lt;p&gt;Address 123&lt;/p&gt;&lt;div id="parts" class="alert alert-light" role="alert"&gt;&lt;div&gt;Head: 1&lt;/div&gt;&lt;div&gt;Body: 2&lt;/div&gt;&lt;div&gt;Legs: 3&lt;/div&gt;&lt;/div&gt;&lt;p&gt;Thank you for your order! We will ship your robot to you as soon as our warehouse robots gather the parts you ordered! You will receive your robot in no time!&lt;/p&gt;&lt;/div&gt;&lt;button id="order-another" type="submit" class="btn btn-primary"&gt;Order another robot&lt;/button&gt;'</msg>
<msg timestamp="20241105 15:58:56.604" level="INFO">${receipt_html} = &lt;div id="receipt" class="alert alert-success" role="alert"&gt;&lt;h3&gt;Receipt&lt;/h3&gt;&lt;div&gt;2024-11-05T14:58:56.584Z&lt;/div&gt;&lt;p class="badge badge-success"&gt;RSB-ROBO-ORDER-J2SHXXHJ39&lt;/p&gt;&lt;p&gt;Address 123&lt;/p&gt;&lt;div id="par...</msg>
<status status="PASS" starttime="20241105 15:58:56.596" endtime="20241105 15:58:56.604"/>
</kw>
<kw name="Html To Pdf" library="RPA.PDF">
<arg>${receipt_html}</arg>
<arg>${OUTPUT_DIR}${/}results${/}receipt_${order_number}.pdf</arg>
<doc>Generate a PDF file from HTML content.</doc>
<msg timestamp="20241105 15:58:56.605" level="INFO">Writing output to file C:\Users\SiddharthLohapatre\OneDrive - nexler\Robot_Framework\robot_framework_cert2\results\receipt_1.pdf</msg>
<msg timestamp="20241105 15:58:56.660" level="INFO">maxp pruned</msg>
<msg timestamp="20241105 15:58:56.661" level="INFO">cmap pruned</msg>
<msg timestamp="20241105 15:58:56.663" level="INFO">post pruned</msg>
<msg timestamp="20241105 15:58:56.665" level="INFO">GDEF dropped</msg>
<msg timestamp="20241105 15:58:56.665" level="INFO">GPOS dropped</msg>
<msg timestamp="20241105 15:58:56.665" level="INFO">GSUB dropped</msg>
<msg timestamp="20241105 15:58:56.667" level="INFO">glyf pruned</msg>
<msg timestamp="20241105 15:58:56.668" level="INFO">Added gid0 to subset</msg>
<msg timestamp="20241105 15:58:56.668" level="INFO">Added first four glyphs to subset</msg>
<msg timestamp="20241105 15:58:56.668" level="INFO">Closing glyph list over 'glyf': 57 glyphs before</msg>
<msg timestamp="20241105 15:58:56.668" level="INFO">Glyph names: ['.notdef', '.null', 'uni0020', 'uni0021', 'uni002D', 'uni002E', 'uni0030', 'uni0031', 'uni0032', 'uni0033', 'uni0034', 'uni0035', 'uni0036', 'uni0037', 'uni0038', 'uni0039', 'uni003A', 'uni0041', 'uni0042', 'uni0044', 'uni0045', 'uni0048', 'uni004A', 'uni004C', 'uni004F', 'uni0052', 'uni0053', 'uni0054', 'uni0057', 'uni0058', 'uni0059', 'uni005A', 'uni0061', 'uni0062', 'uni0063', 'uni0064', 'uni0065', 'uni0066', 'uni0067', 'uni0068', 'uni0069', 'uni006B', 'uni006C', 'uni006D', 'uni006E', 'uni006F', 'uni0070', 'uni0072', 'uni0073', 'uni0074', 'uni0075', 'uni0076', 'uni0077', 'uni0079', 'uni007B', 'uni007D', 'uni00C4']</msg>
<msg timestamp="20241105 15:58:56.668" level="INFO">Glyph IDs:   [0, 1, 2, 3, 65, 84, 95, 161, 265, 280, 320, 382, 395, 409, 456, 463, 469, 493, 504, 575, 582, 594, 612, 645, 650, 660, 679, 715, 723, 752, 759, 775, 827, 837, 867, 884, 899, 932, 936, 950, 1294, 1295, 1296, 1298, 1299, 1300, 1302, 1303, 1304, 1305, 1329, 1345, 1346, 1361, 1404, 1407, 1681]</msg>
<msg timestamp="20241105 15:58:56.668" level="INFO">Closed glyph list over 'glyf': 57 glyphs after</msg>
<msg timestamp="20241105 15:58:56.668" level="INFO">Glyph names: ['.notdef', '.null', 'uni0020', 'uni0021', 'uni002D', 'uni002E', 'uni0030', 'uni0031', 'uni0032', 'uni0033', 'uni0034', 'uni0035', 'uni0036', 'uni0037', 'uni0038', 'uni0039', 'uni003A', 'uni0041', 'uni0042', 'uni0044', 'uni0045', 'uni0048', 'uni004A', 'uni004C', 'uni004F', 'uni0052', 'uni0053', 'uni0054', 'uni0057', 'uni0058', 'uni0059', 'uni005A', 'uni0061', 'uni0062', 'uni0063', 'uni0064', 'uni0065', 'uni0066', 'uni0067', 'uni0068', 'uni0069', 'uni006B', 'uni006C', 'uni006D', 'uni006E', 'uni006F', 'uni0070', 'uni0072', 'uni0073', 'uni0074', 'uni0075', 'uni0076', 'uni0077', 'uni0079', 'uni007B', 'uni007D', 'uni00C4']</msg>
<msg timestamp="20241105 15:58:56.668" level="INFO">Glyph IDs:   [0, 1, 2, 3, 65, 84, 95, 161, 265, 280, 320, 382, 395, 409, 456, 463, 469, 493, 504, 575, 582, 594, 612, 645, 650, 660, 679, 715, 723, 752, 759, 775, 827, 837, 867, 884, 899, 932, 936, 950, 1294, 1295, 1296, 1298, 1299, 1300, 1302, 1303, 1304, 1305, 1329, 1345, 1346, 1361, 1404, 1407, 1681]</msg>
<msg timestamp="20241105 15:58:56.669" level="INFO">Retaining 57 glyphs</msg>
<msg timestamp="20241105 15:58:56.669" level="INFO">head subsetting not needed</msg>
<msg timestamp="20241105 15:58:56.669" level="INFO">hhea subsetting not needed</msg>
<msg timestamp="20241105 15:58:56.669" level="INFO">maxp subsetting not needed</msg>
<msg timestamp="20241105 15:58:56.669" level="INFO">OS/2 subsetting not needed</msg>
<msg timestamp="20241105 15:58:56.669" level="INFO">hmtx subsetted</msg>
<msg timestamp="20241105 15:58:56.670" level="INFO">cmap subsetted</msg>
<msg timestamp="20241105 15:58:56.670" level="INFO">prep subsetting not needed</msg>
<msg timestamp="20241105 15:58:56.670" level="INFO">loca subsetting not needed</msg>
<msg timestamp="20241105 15:58:56.670" level="INFO">post subsetted</msg>
<msg timestamp="20241105 15:58:56.671" level="INFO">gasp subsetting not needed</msg>
<msg timestamp="20241105 15:58:56.671" level="INFO">STAT subsetting not needed</msg>
<msg timestamp="20241105 15:58:56.671" level="INFO">name subsetting not needed</msg>
<msg timestamp="20241105 15:58:56.671" level="INFO">glyf subsetted</msg>
<msg timestamp="20241105 15:58:56.671" level="INFO">head pruned</msg>
<msg timestamp="20241105 15:58:56.672" level="INFO">OS/2 Unicode ranges pruned: [0]</msg>
<msg timestamp="20241105 15:58:56.672" level="INFO">OS/2 CodePage ranges pruned: [0]</msg>
<msg timestamp="20241105 15:58:56.672" level="INFO">glyf pruned</msg>
<msg timestamp="20241105 15:58:56.673" level="INFO">name pruned</msg>
<msg timestamp="20241105 15:58:56.681" level="INFO">maxp pruned</msg>
<msg timestamp="20241105 15:58:56.681" level="INFO">cmap pruned</msg>
<msg timestamp="20241105 15:58:56.682" level="INFO">post pruned</msg>
<msg timestamp="20241105 15:58:56.682" level="INFO">GDEF dropped</msg>
<msg timestamp="20241105 15:58:56.682" level="INFO">GPOS dropped</msg>
<msg timestamp="20241105 15:58:56.682" level="INFO">GSUB dropped</msg>
<msg timestamp="20241105 15:58:56.684" level="INFO">glyf pruned</msg>
<msg timestamp="20241105 15:58:56.684" level="INFO">Added gid0 to subset</msg>
<msg timestamp="20241105 15:58:56.684" level="INFO">Added first four glyphs to subset</msg>
<msg timestamp="20241105 15:58:56.684" level="INFO">Closing glyph list over 'glyf': 19 glyphs before</msg>
<msg timestamp="20241105 15:58:56.684" level="INFO">Glyph names: ['.notdef', '.null', 'uni0020', 'uni0030', 'uni0031', 'uni0032', 'uni0033', 'uni0034', 'uni0035', 'uni0036', 'uni0037', 'uni0038', 'uni0039', 'uni0041', 'uni0062', 'uni006E', 'uni007B', 'uni007D', 'uni00C4']</msg>
<msg timestamp="20241105 15:58:56.684" level="INFO">Glyph IDs:   [0, 1, 2, 3, 575, 759, 1294, 1295, 1296, 1298, 1299, 1300, 1302, 1303, 1304, 1305, 1345, 1346, 1681]</msg>
<msg timestamp="20241105 15:58:56.685" level="INFO">Closed glyph list over 'glyf': 19 glyphs after</msg>
<msg timestamp="20241105 15:58:56.685" level="INFO">Glyph names: ['.notdef', '.null', 'uni0020', 'uni0030', 'uni0031', 'uni0032', 'uni0033', 'uni0034', 'uni0035', 'uni0036', 'uni0037', 'uni0038', 'uni0039', 'uni0041', 'uni0062', 'uni006E', 'uni007B', 'uni007D', 'uni00C4']</msg>
<msg timestamp="20241105 15:58:56.685" level="INFO">Glyph IDs:   [0, 1, 2, 3, 575, 759, 1294, 1295, 1296, 1298, 1299, 1300, 1302, 1303, 1304, 1305, 1345, 1346, 1681]</msg>
<msg timestamp="20241105 15:58:56.685" level="INFO">Retaining 19 glyphs</msg>
<msg timestamp="20241105 15:58:56.685" level="INFO">head subsetting not needed</msg>
<msg timestamp="20241105 15:58:56.686" level="INFO">hhea subsetting not needed</msg>
<msg timestamp="20241105 15:58:56.686" level="INFO">maxp subsetting not needed</msg>
<msg timestamp="20241105 15:58:56.686" level="INFO">OS/2 subsetting not needed</msg>
<msg timestamp="20241105 15:58:56.686" level="INFO">hmtx subsetted</msg>
<msg timestamp="20241105 15:58:56.687" level="INFO">cmap subsetted</msg>
<msg timestamp="20241105 15:58:56.687" level="INFO">prep subsetting not needed</msg>
<msg timestamp="20241105 15:58:56.687" level="INFO">loca subsetting not needed</msg>
<msg timestamp="20241105 15:58:56.687" level="INFO">post subsetted</msg>
<msg timestamp="20241105 15:58:56.687" level="INFO">gasp subsetting not needed</msg>
<msg timestamp="20241105 15:58:56.687" level="INFO">STAT subsetting not needed</msg>
<msg timestamp="20241105 15:58:56.687" level="INFO">name subsetting not needed</msg>
<msg timestamp="20241105 15:58:56.688" level="INFO">glyf subsetted</msg>
<msg timestamp="20241105 15:58:56.688" level="INFO">head pruned</msg>
<msg timestamp="20241105 15:58:56.688" level="INFO">OS/2 Unicode ranges pruned: [0]</msg>
<msg timestamp="20241105 15:58:56.688" level="INFO">OS/2 CodePage ranges pruned: [0]</msg>
<msg timestamp="20241105 15:58:56.688" level="INFO">glyf pruned</msg>
<msg timestamp="20241105 15:58:56.689" level="INFO">name pruned</msg>
<msg timestamp="20241105 15:58:56.694" level="INFO">maxp pruned</msg>
<msg timestamp="20241105 15:58:56.694" level="INFO">cmap pruned</msg>
<msg timestamp="20241105 15:58:56.694" level="INFO">post pruned</msg>
<msg timestamp="20241105 15:58:56.694" level="INFO">GDEF dropped</msg>
<msg timestamp="20241105 15:58:56.694" level="INFO">GPOS dropped</msg>
<msg timestamp="20241105 15:58:56.695" level="INFO">GSUB dropped</msg>
<msg timestamp="20241105 15:58:56.696" level="INFO">glyf pruned</msg>
<msg timestamp="20241105 15:58:56.698" level="INFO">Added gid0 to subset</msg>
<msg timestamp="20241105 15:58:56.698" level="INFO">Added first four glyphs to subset</msg>
<msg timestamp="20241105 15:58:56.698" level="INFO">Closing glyph list over 'glyf': 18 glyphs before</msg>
<msg timestamp="20241105 15:58:56.698" level="INFO">Glyph names: ['.notdef', '.null', 'uni0020', 'uni0030', 'uni0031', 'uni0032', 'uni0033', 'uni0034', 'uni0035', 'uni0036', 'uni0037', 'uni0038', 'uni0039', 'uni0062', 'uni006E', 'uni007B', 'uni007D', 'uni00A0']</msg>
<msg timestamp="20241105 15:58:56.698" level="INFO">Glyph IDs:   [0, 1, 2, 3, 544, 727, 1256, 1257, 1258, 1260, 1261, 1262, 1264, 1265, 1266, 1267, 1307, 1308]</msg>
<msg timestamp="20241105 15:58:56.698" level="INFO">Closed glyph list over 'glyf': 18 glyphs after</msg>
<msg timestamp="20241105 15:58:56.699" level="INFO">Glyph names: ['.notdef', '.null', 'uni0020', 'uni0030', 'uni0031', 'uni0032', 'uni0033', 'uni0034', 'uni0035', 'uni0036', 'uni0037', 'uni0038', 'uni0039', 'uni0062', 'uni006E', 'uni007B', 'uni007D', 'uni00A0']</msg>
<msg timestamp="20241105 15:58:56.699" level="INFO">Glyph IDs:   [0, 1, 2, 3, 544, 727, 1256, 1257, 1258, 1260, 1261, 1262, 1264, 1265, 1266, 1267, 1307, 1308]</msg>
<msg timestamp="20241105 15:58:56.699" level="INFO">Retaining 18 glyphs</msg>
<msg timestamp="20241105 15:58:56.699" level="INFO">head subsetting not needed</msg>
<msg timestamp="20241105 15:58:56.699" level="INFO">hhea subsetting not needed</msg>
<msg timestamp="20241105 15:58:56.699" level="INFO">maxp subsetting not needed</msg>
<msg timestamp="20241105 15:58:56.699" level="INFO">OS/2 subsetting not needed</msg>
<msg timestamp="20241105 15:58:56.699" level="INFO">hmtx subsetted</msg>
<msg timestamp="20241105 15:58:56.700" level="INFO">cmap subsetted</msg>
<msg timestamp="20241105 15:58:56.701" level="INFO">loca subsetting not needed</msg>
<msg timestamp="20241105 15:58:56.701" level="INFO">post subsetted</msg>
<msg timestamp="20241105 15:58:56.701" level="INFO">name subsetting not needed</msg>
<msg timestamp="20241105 15:58:56.701" level="INFO">glyf subsetted</msg>
<msg timestamp="20241105 15:58:56.701" level="INFO">head pruned</msg>
<msg timestamp="20241105 15:58:56.702" level="INFO">OS/2 Unicode ranges pruned: [0]</msg>
<msg timestamp="20241105 15:58:56.702" level="INFO">OS/2 CodePage ranges pruned: [0]</msg>
<msg timestamp="20241105 15:58:56.702" level="INFO">glyf pruned</msg>
<msg timestamp="20241105 15:58:56.702" level="INFO">name pruned</msg>
<msg timestamp="20241105 15:58:56.707" level="INFO">maxp pruned</msg>
<msg timestamp="20241105 15:58:56.707" level="INFO">cmap pruned</msg>
<msg timestamp="20241105 15:58:56.707" level="INFO">post pruned</msg>
<msg timestamp="20241105 15:58:56.707" level="INFO">GDEF dropped</msg>
<msg timestamp="20241105 15:58:56.707" level="INFO">GPOS dropped</msg>
<msg timestamp="20241105 15:58:56.707" level="INFO">GSUB dropped</msg>
<msg timestamp="20241105 15:58:56.709" level="INFO">glyf pruned</msg>
<msg timestamp="20241105 15:58:56.711" level="INFO">Added gid0 to subset</msg>
<msg timestamp="20241105 15:58:56.711" level="INFO">Added first four glyphs to subset</msg>
<msg timestamp="20241105 15:58:56.711" level="INFO">Closing glyph list over 'glyf': 18 glyphs before</msg>
<msg timestamp="20241105 15:58:56.711" level="INFO">Glyph names: ['.notdef', '.null', 'uni0020', 'uni0030', 'uni0031', 'uni0032', 'uni0033', 'uni0034', 'uni0035', 'uni0036', 'uni0037', 'uni0038', 'uni0039', 'uni0062', 'uni006E', 'uni007B', 'uni007D', 'uni00A0']</msg>
<msg timestamp="20241105 15:58:56.711" level="INFO">Glyph IDs:   [0, 1, 2, 3, 544, 727, 1256, 1257, 1258, 1260, 1261, 1262, 1264, 1265, 1266, 1267, 1307, 1308]</msg>
<msg timestamp="20241105 15:58:56.711" level="INFO">Closed glyph list over 'glyf': 18 glyphs after</msg>
<msg timestamp="20241105 15:58:56.711" level="INFO">Glyph names: ['.notdef', '.null', 'uni0020', 'uni0030', 'uni0031', 'uni0032', 'uni0033', 'uni0034', 'uni0035', 'uni0036', 'uni0037', 'uni0038', 'uni0039', 'uni0062', 'uni006E', 'uni007B', 'uni007D', 'uni00A0']</msg>
<msg timestamp="20241105 15:58:56.711" level="INFO">Glyph IDs:   [0, 1, 2, 3, 544, 727, 1256, 1257, 1258, 1260, 1261, 1262, 1264, 1265, 1266, 1267, 1307, 1308]</msg>
<msg timestamp="20241105 15:58:56.712" level="INFO">Retaining 18 glyphs</msg>
<msg timestamp="20241105 15:58:56.712" level="INFO">head subsetting not needed</msg>
<msg timestamp="20241105 15:58:56.712" level="INFO">hhea subsetting not needed</msg>
<msg timestamp="20241105 15:58:56.712" level="INFO">maxp subsetting not needed</msg>
<msg timestamp="20241105 15:58:56.712" level="INFO">OS/2 subsetting not needed</msg>
<msg timestamp="20241105 15:58:56.712" level="INFO">hmtx subsetted</msg>
<msg timestamp="20241105 15:58:56.713" level="INFO">cmap subsetted</msg>
<msg timestamp="20241105 15:58:56.713" level="INFO">loca subsetting not needed</msg>
<msg timestamp="20241105 15:58:56.713" level="INFO">post subsetted</msg>
<msg timestamp="20241105 15:58:56.713" level="INFO">name subsetting not needed</msg>
<msg timestamp="20241105 15:58:56.714" level="INFO">glyf subsetted</msg>
<msg timestamp="20241105 15:58:56.714" level="INFO">head pruned</msg>
<msg timestamp="20241105 15:58:56.714" level="INFO">OS/2 Unicode ranges pruned: [0]</msg>
<msg timestamp="20241105 15:58:56.714" level="INFO">OS/2 CodePage ranges pruned: [0]</msg>
<msg timestamp="20241105 15:58:56.715" level="INFO">glyf pruned</msg>
<msg timestamp="20241105 15:58:56.715" level="INFO">name pruned</msg>
<status status="PASS" starttime="20241105 15:58:56.604" endtime="20241105 15:58:56.721"/>
</kw>
<return>
<value>${OUTPUT_DIR}${/}results${/}receipt_${order_number}.pdf</value>
<status status="PASS" starttime="20241105 15:58:56.721" endtime="20241105 15:58:56.721"/>
</return>
<msg timestamp="20241105 15:58:56.721" level="INFO">${pdf_stored} = C:\Users\SiddharthLohapatre\OneDrive - nexler\Robot_Framework\robot_framework_cert2\results\receipt_1.pdf</msg>
<status status="PASS" starttime="20241105 15:58:56.595" endtime="20241105 15:58:56.722"/>
</kw>
<kw name="Screenshot Robot">
<var>${screenshot}</var>
<arg>${row}[Order number]</arg>
<kw name="Set Variable" library="BuiltIn">
<var>${screenshot_path}</var>
<arg>${OUTPUT_DIR}${/}results${/}screenshot_robot_${order_number}.png</arg>
<doc>Returns the given values which can then be assigned to a variables.</doc>
<msg timestamp="20241105 15:58:56.722" level="INFO">${screenshot_path} = C:\Users\SiddharthLohapatre\OneDrive - nexler\Robot_Framework\robot_framework_cert2\results\screenshot_robot_1.png</msg>
<status status="PASS" starttime="20241105 15:58:56.722" endtime="20241105 15:58:56.722"/>
</kw>
<kw name="Take Screenshot" library="RPA.Browser.Playwright">
<arg>selector=\#robot-preview-image</arg>
<arg>filename=${screenshot_path}</arg>
<tag>PageContent</tag>
<doc>Takes a screenshot of the current window or element and saves it to disk.</doc>
<msg timestamp="20241105 15:58:56.849" level="INFO" html="true">&lt;/td&gt;&lt;/tr&gt;&lt;tr&gt;&lt;td colspan="3"&gt;&lt;a href="results/screenshot_robot_1.png" target="_blank"&gt;&lt;img src="results/screenshot_robot_1.png" width="800px"/&gt;&lt;/a&gt;</msg>
<status status="PASS" starttime="20241105 15:58:56.722" endtime="20241105 15:58:56.849"/>
</kw>
<return>
<value>${screenshot_path}</value>
<status status="PASS" starttime="20241105 15:58:56.849" endtime="20241105 15:58:56.849"/>
</return>
<msg timestamp="20241105 15:58:56.849" level="INFO">${screenshot} = C:\Users\SiddharthLohapatre\OneDrive - nexler\Robot_Framework\robot_framework_cert2\results\screenshot_robot_1.png</msg>
<status status="PASS" starttime="20241105 15:58:56.722" endtime="20241105 15:58:56.849"/>
</kw>
<kw name="Embed Screenshot To Receipt">
<arg>${screenshot}</arg>
<arg>${pdf_stored}</arg>
<kw name="Create List" library="BuiltIn">
<var>${files}</var>
<arg>${screenshot}</arg>
<doc>Returns a list containing given items.</doc>
<msg timestamp="20241105 15:58:56.850" level="INFO">${files} = ['C:\\Users\\SiddharthLohapatre\\OneDrive - nexler\\Robot_Framework\\robot_framework_cert2\\results\\screenshot_robot_1.png']</msg>
<status status="PASS" starttime="20241105 15:58:56.850" endtime="20241105 15:58:56.850"/>
</kw>
<kw name="Add Files To Pdf" library="RPA.PDF">
<arg>files=${files}</arg>
<arg>target_document=${pdf_file}</arg>
<arg>append=${TRUE}</arg>
<doc>Add images and/or pdfs to new PDF document.</doc>
<msg timestamp="20241105 15:58:56.866" level="INFO">Adding page: 0</msg>
<msg timestamp="20241105 15:58:56.869" level="INFO">File C:\Users\SiddharthLohapatre\OneDrive - nexler\Robot_Framework\robot_framework_cert2\results\screenshot_robot_1.png type: png</msg>
<msg timestamp="20241105 15:58:56.870" level="INFO">Image parameters: {}</msg>
<status status="PASS" starttime="20241105 15:58:56.850" endtime="20241105 15:58:56.982"/>
</kw>
<status status="PASS" starttime="20241105 15:58:56.849" endtime="20241105 15:58:56.983"/>
</kw>
<kw name="Remove File" library="RPA.FileSystem">
<arg>${screenshot}</arg>
<doc>Removes the given file.</doc>
<status status="PASS" starttime="20241105 15:58:56.983" endtime="20241105 15:58:56.983"/>
</kw>
<kw name="Click" library="RPA.Browser.Playwright">
<arg>\#order-another</arg>
<tag>PageContent</tag>
<tag>Setter</tag>
<doc>Simulates mouse click on the element found by ``selector``.</doc>
<status status="PASS" starttime="20241105 15:58:56.984" endtime="20241105 15:58:57.086"/>
</kw>
<status status="PASS" starttime="20241105 15:58:55.803" endtime="20241105 15:58:57.086"/>
</kw>
<status status="PASS" starttime="20241105 15:58:55.803" endtime="20241105 15:58:57.086"/>
</iter>
<iter>
<var name="${row}">{'Order number': '2', 'Head': '4', 'Body': '1', 'Legs': '5', 'Address': 'Address 456'}</var>
<kw name="Fill And Submit CSV Data">
<arg>${row}</arg>
<kw name="Close Annoying Modal">
<kw name="Wait For Elements State" library="RPA.Browser.Playwright">
<arg>css=.modal-dialog</arg>
<arg>visible</arg>
<tag>PageContent</tag>
<tag>Wait</tag>
<doc>Waits for the element found by ``selector`` to satisfy state option.</doc>
<msg timestamp="20241105 15:58:57.100" level="INFO">Waited for Element with selector css=.modal-dialog at state visible</msg>
<status status="PASS" starttime="20241105 15:58:57.087" endtime="20241105 15:58:57.101"/>
</kw>
<kw name="Click" library="RPA.Browser.Playwright">
<arg>css=.btn.btn-dark</arg>
<tag>PageContent</tag>
<tag>Setter</tag>
<doc>Simulates mouse click on the element found by ``selector``.</doc>
<status status="PASS" starttime="20241105 15:58:57.101" endtime="20241105 15:58:57.138"/>
</kw>
<status status="PASS" starttime="20241105 15:58:57.087" endtime="20241105 15:58:57.138"/>
</kw>
<kw name="Select Options By" library="RPA.Browser.Playwright">
<arg>\#head</arg>
<arg>index</arg>
<arg>${row}[Head]</arg>
<tag>PageContent</tag>
<tag>Setter</tag>
<doc>Selects options from select element found by ``selector``.</doc>
<status status="PASS" starttime="20241105 15:58:57.138" endtime="20241105 15:58:57.156"/>
</kw>
<kw name="Click" library="RPA.Browser.Playwright">
<arg>css=#id-body-${row}[Body]</arg>
<tag>PageContent</tag>
<tag>Setter</tag>
<doc>Simulates mouse click on the element found by ``selector``.</doc>
<status status="PASS" starttime="20241105 15:58:57.156" endtime="20241105 15:58:57.188"/>
</kw>
<kw name="Fill Text" library="RPA.Browser.Playwright">
<arg>css=input[placeholder='Enter the part number for the legs']</arg>
<arg>${row}[Legs]</arg>
<tag>PageContent</tag>
<tag>Setter</tag>
<doc>Clears and fills the given ``txt`` into the text field found by ``selector``.</doc>
<msg timestamp="20241105 15:58:57.189" level="INFO">Fills the text '5' in the given field.</msg>
<status status="PASS" starttime="20241105 15:58:57.188" endtime="20241105 15:58:57.199"/>
</kw>
<kw name="Fill Text" library="RPA.Browser.Playwright">
<arg>\#address</arg>
<arg>${row}[Address]</arg>
<tag>PageContent</tag>
<tag>Setter</tag>
<doc>Clears and fills the given ``txt`` into the text field found by ``selector``.</doc>
<msg timestamp="20241105 15:58:57.200" level="INFO">Fills the text 'Address 456' in the given field.</msg>
<status status="PASS" starttime="20241105 15:58:57.199" endtime="20241105 15:58:57.209"/>
</kw>
<kw name="Click" library="RPA.Browser.Playwright">
<arg>text=Preview</arg>
<tag>PageContent</tag>
<tag>Setter</tag>
<doc>Simulates mouse click on the element found by ``selector``.</doc>
<status status="PASS" starttime="20241105 15:58:57.210" endtime="20241105 15:58:57.406"/>
</kw>
<kw name="Wait Until Network Is Idle" library="RPA.Browser.Playwright">
<tag>HTTP</tag>
<tag>Wait</tag>
<doc>Waits until there has been at least one instance of 500 ms of no network traffic on the page after loading.</doc>
<status status="PASS" starttime="20241105 15:58:57.406" endtime="20241105 15:58:57.995"/>
</kw>
<kw name="Click" library="RPA.Browser.Playwright">
<arg>css=#order</arg>
<tag>PageContent</tag>
<tag>Setter</tag>
<doc>Simulates mouse click on the element found by ``selector``.</doc>
<status status="PASS" starttime="20241105 15:58:57.995" endtime="20241105 15:58:58.024"/>
</kw>
<kw name="Get Element Count" library="RPA.Browser.Playwright">
<var>${alert_count}</var>
<arg>css=.alert-danger</arg>
<tag>Assertion</tag>
<tag>Getter</tag>
<tag>PageContent</tag>
<doc>Returns the count of elements found with ``selector``.</doc>
<msg timestamp="20241105 15:58:58.027" level="INFO">${alert_count} = 0</msg>
<status status="PASS" starttime="20241105 15:58:58.024" endtime="20241105 15:58:58.027"/>
</kw>
<while condition="${alert_count} &gt; 0">
<iter>
<kw name="Click" library="RPA.Browser.Playwright">
<arg>css=#order</arg>
<tag>PageContent</tag>
<tag>Setter</tag>
<doc>Simulates mouse click on the element found by ``selector``.</doc>
<status status="NOT RUN" starttime="20241105 15:58:58.028" endtime="20241105 15:58:58.028"/>
</kw>
<kw name="Get Element Count" library="RPA.Browser.Playwright">
<var>${alert_count}</var>
<arg>css=.alert-danger</arg>
<tag>Assertion</tag>
<tag>Getter</tag>
<tag>PageContent</tag>
<doc>Returns the count of elements found with ``selector``.</doc>
<status status="NOT RUN" starttime="20241105 15:58:58.028" endtime="20241105 15:58:58.028"/>
</kw>
<status status="NOT RUN" starttime="20241105 15:58:58.027" endtime="20241105 15:58:58.028"/>
</iter>
<status status="NOT RUN" starttime="20241105 15:58:58.027" endtime="20241105 15:58:58.028"/>
</while>
<kw name="Store Receipt As PDF">
<var>${pdf_stored}</var>
<arg>${row}[Order number]</arg>
<kw name="Get Property" library="RPA.Browser.Playwright">
<var>${receipt_html}</var>
<arg>\#order-completion</arg>
<arg>innerHTML</arg>
<tag>Assertion</tag>
<tag>Getter</tag>
<tag>PageContent</tag>
<doc>Returns the ``property`` of the element found by ``selector``.</doc>
<msg timestamp="20241105 15:58:58.035" level="INFO">Property: '&lt;div id="receipt" class="alert alert-success" role="alert"&gt;&lt;h3&gt;Receipt&lt;/h3&gt;&lt;div&gt;2024-11-05T14:58:58.019Z&lt;/div&gt;&lt;p class="badge badge-success"&gt;RSB-ROBO-ORDER-OX1CDTGVED&lt;/p&gt;&lt;p&gt;Address 456&lt;/p&gt;&lt;div id="parts" class="alert alert-light" role="alert"&gt;&lt;div&gt;Head: 4&lt;/div&gt;&lt;div&gt;Body: 1&lt;/div&gt;&lt;div&gt;Legs: 5&lt;/div&gt;&lt;/div&gt;&lt;p&gt;Thank you for your order! We will ship your robot to you as soon as our warehouse robots gather the parts you ordered! You will receive your robot in no time!&lt;/p&gt;&lt;/div&gt;&lt;button id="order-another" type="submit" class="btn btn-primary"&gt;Order another robot&lt;/button&gt;'</msg>
<msg timestamp="20241105 15:58:58.035" level="INFO">${receipt_html} = &lt;div id="receipt" class="alert alert-success" role="alert"&gt;&lt;h3&gt;Receipt&lt;/h3&gt;&lt;div&gt;2024-11-05T14:58:58.019Z&lt;/div&gt;&lt;p class="badge badge-success"&gt;RSB-ROBO-ORDER-OX1CDTGVED&lt;/p&gt;&lt;p&gt;Address 456&lt;/p&gt;&lt;div id="par...</msg>
<status status="PASS" starttime="20241105 15:58:58.029" endtime="20241105 15:58:58.035"/>
</kw>
<kw name="Html To Pdf" library="RPA.PDF">
<arg>${receipt_html}</arg>
<arg>${OUTPUT_DIR}${/}results${/}receipt_${order_number}.pdf</arg>
<doc>Generate a PDF file from HTML content.</doc>
<msg timestamp="20241105 15:58:58.037" level="INFO">Writing output to file C:\Users\SiddharthLohapatre\OneDrive - nexler\Robot_Framework\robot_framework_cert2\results\receipt_2.pdf</msg>
<msg timestamp="20241105 15:58:58.090" level="INFO">maxp pruned</msg>
<msg timestamp="20241105 15:58:58.090" level="INFO">cmap pruned</msg>
<msg timestamp="20241105 15:58:58.090" level="INFO">post pruned</msg>
<msg timestamp="20241105 15:58:58.090" level="INFO">GDEF dropped</msg>
<msg timestamp="20241105 15:58:58.090" level="INFO">GPOS dropped</msg>
<msg timestamp="20241105 15:58:58.090" level="INFO">GSUB dropped</msg>
<msg timestamp="20241105 15:58:58.092" level="INFO">glyf pruned</msg>
<msg timestamp="20241105 15:58:58.093" level="INFO">Added gid0 to subset</msg>
<msg timestamp="20241105 15:58:58.093" level="INFO">Added first four glyphs to subset</msg>
<msg timestamp="20241105 15:58:58.093" level="INFO">Closing glyph list over 'glyf': 59 glyphs before</msg>
<msg timestamp="20241105 15:58:58.093" level="INFO">Glyph names: ['.notdef', '.null', 'uni0020', 'uni0021', 'uni002D', 'uni002E', 'uni0030', 'uni0031', 'uni0032', 'uni0033', 'uni0034', 'uni0035', 'uni0036', 'uni0037', 'uni0038', 'uni0039', 'uni003A', 'uni0041', 'uni0042', 'uni0043', 'uni0044', 'uni0045', 'uni0047', 'uni0048', 'uni004C', 'uni004F', 'uni0052', 'uni0053', 'uni0054', 'uni0056', 'uni0057', 'uni0058', 'uni0059', 'uni005A', 'uni0061', 'uni0062', 'uni0063', 'uni0064', 'uni0065', 'uni0066', 'uni0067', 'uni0068', 'uni0069', 'uni006B', 'uni006C', 'uni006D', 'uni006E', 'uni006F', 'uni0070', 'uni0072', 'uni0073', 'uni0074', 'uni0075', 'uni0076', 'uni0077', 'uni0079', 'uni007B', 'uni007D', 'uni00C4']</msg>
<msg timestamp="20241105 15:58:58.093" level="INFO">Glyph IDs:   [0, 1, 2, 3, 65, 73, 84, 95, 141, 161, 280, 320, 382, 395, 409, 453, 456, 463, 469, 493, 504, 575, 582, 594, 612, 645, 650, 660, 679, 715, 723, 752, 759, 775, 827, 837, 867, 884, 899, 932, 936, 950, 1294, 1295, 1296, 1298, 1299, 1300, 1302, 1303, 1304, 1305, 1329, 1345, 1346, 1361, 1404, 1407, 1681]</msg>
<msg timestamp="20241105 15:58:58.093" level="INFO">Closed glyph list over 'glyf': 59 glyphs after</msg>
<msg timestamp="20241105 15:58:58.093" level="INFO">Glyph names: ['.notdef', '.null', 'uni0020', 'uni0021', 'uni002D', 'uni002E', 'uni0030', 'uni0031', 'uni0032', 'uni0033', 'uni0034', 'uni0035', 'uni0036', 'uni0037', 'uni0038', 'uni0039', 'uni003A', 'uni0041', 'uni0042', 'uni0043', 'uni0044', 'uni0045', 'uni0047', 'uni0048', 'uni004C', 'uni004F', 'uni0052', 'uni0053', 'uni0054', 'uni0056', 'uni0057', 'uni0058', 'uni0059', 'uni005A', 'uni0061', 'uni0062', 'uni0063', 'uni0064', 'uni0065', 'uni0066', 'uni0067', 'uni0068', 'uni0069', 'uni006B', 'uni006C', 'uni006D', 'uni006E', 'uni006F', 'uni0070', 'uni0072', 'uni0073', 'uni0074', 'uni0075', 'uni0076', 'uni0077', 'uni0079', 'uni007B', 'uni007D', 'uni00C4']</msg>
<msg timestamp="20241105 15:58:58.093" level="INFO">Glyph IDs:   [0, 1, 2, 3, 65, 73, 84, 95, 141, 161, 280, 320, 382, 395, 409, 453, 456, 463, 469, 493, 504, 575, 582, 594, 612, 645, 650, 660, 679, 715, 723, 752, 759, 775, 827, 837, 867, 884, 899, 932, 936, 950, 1294, 1295, 1296, 1298, 1299, 1300, 1302, 1303, 1304, 1305, 1329, 1345, 1346, 1361, 1404, 1407, 1681]</msg>
<msg timestamp="20241105 15:58:58.094" level="INFO">Retaining 59 glyphs</msg>
<msg timestamp="20241105 15:58:58.094" level="INFO">head subsetting not needed</msg>
<msg timestamp="20241105 15:58:58.094" level="INFO">hhea subsetting not needed</msg>
<msg timestamp="20241105 15:58:58.094" level="INFO">maxp subsetting not needed</msg>
<msg timestamp="20241105 15:58:58.094" level="INFO">OS/2 subsetting not needed</msg>
<msg timestamp="20241105 15:58:58.094" level="INFO">hmtx subsetted</msg>
<msg timestamp="20241105 15:58:58.095" level="INFO">cmap subsetted</msg>
<msg timestamp="20241105 15:58:58.095" level="INFO">prep subsetting not needed</msg>
<msg timestamp="20241105 15:58:58.095" level="INFO">loca subsetting not needed</msg>
<msg timestamp="20241105 15:58:58.095" level="INFO">post subsetted</msg>
<msg timestamp="20241105 15:58:58.095" level="INFO">gasp subsetting not needed</msg>
<msg timestamp="20241105 15:58:58.096" level="INFO">STAT subsetting not needed</msg>
<msg timestamp="20241105 15:58:58.096" level="INFO">name subsetting not needed</msg>
<msg timestamp="20241105 15:58:58.096" level="INFO">glyf subsetted</msg>
<msg timestamp="20241105 15:58:58.097" level="INFO">head pruned</msg>
<msg timestamp="20241105 15:58:58.097" level="INFO">OS/2 Unicode ranges pruned: [0]</msg>
<msg timestamp="20241105 15:58:58.097" level="INFO">OS/2 CodePage ranges pruned: [0]</msg>
<msg timestamp="20241105 15:58:58.097" level="INFO">glyf pruned</msg>
<msg timestamp="20241105 15:58:58.098" level="INFO">name pruned</msg>
<msg timestamp="20241105 15:58:58.107" level="INFO">maxp pruned</msg>
<msg timestamp="20241105 15:58:58.107" level="INFO">cmap pruned</msg>
<msg timestamp="20241105 15:58:58.107" level="INFO">post pruned</msg>
<msg timestamp="20241105 15:58:58.107" level="INFO">GDEF dropped</msg>
<msg timestamp="20241105 15:58:58.108" level="INFO">GPOS dropped</msg>
<msg timestamp="20241105 15:58:58.108" level="INFO">GSUB dropped</msg>
<msg timestamp="20241105 15:58:58.109" level="INFO">glyf pruned</msg>
<msg timestamp="20241105 15:58:58.110" level="INFO">Added gid0 to subset</msg>
<msg timestamp="20241105 15:58:58.110" level="INFO">Added first four glyphs to subset</msg>
<msg timestamp="20241105 15:58:58.110" level="INFO">Closing glyph list over 'glyf': 19 glyphs before</msg>
<msg timestamp="20241105 15:58:58.110" level="INFO">Glyph names: ['.notdef', '.null', 'uni0020', 'uni0030', 'uni0031', 'uni0032', 'uni0033', 'uni0034', 'uni0035', 'uni0036', 'uni0037', 'uni0038', 'uni0039', 'uni0041', 'uni0062', 'uni006E', 'uni007B', 'uni007D', 'uni00C4']</msg>
<msg timestamp="20241105 15:58:58.110" level="INFO">Glyph IDs:   [0, 1, 2, 3, 575, 759, 1294, 1295, 1296, 1298, 1299, 1300, 1302, 1303, 1304, 1305, 1345, 1346, 1681]</msg>
<msg timestamp="20241105 15:58:58.110" level="INFO">Closed glyph list over 'glyf': 19 glyphs after</msg>
<msg timestamp="20241105 15:58:58.110" level="INFO">Glyph names: ['.notdef', '.null', 'uni0020', 'uni0030', 'uni0031', 'uni0032', 'uni0033', 'uni0034', 'uni0035', 'uni0036', 'uni0037', 'uni0038', 'uni0039', 'uni0041', 'uni0062', 'uni006E', 'uni007B', 'uni007D', 'uni00C4']</msg>
<msg timestamp="20241105 15:58:58.110" level="INFO">Glyph IDs:   [0, 1, 2, 3, 575, 759, 1294, 1295, 1296, 1298, 1299, 1300, 1302, 1303, 1304, 1305, 1345, 1346, 1681]</msg>
<msg timestamp="20241105 15:58:58.111" level="INFO">Retaining 19 glyphs</msg>
<msg timestamp="20241105 15:58:58.111" level="INFO">head subsetting not needed</msg>
<msg timestamp="20241105 15:58:58.111" level="INFO">hhea subsetting not needed</msg>
<msg timestamp="20241105 15:58:58.111" level="INFO">maxp subsetting not needed</msg>
<msg timestamp="20241105 15:58:58.111" level="INFO">OS/2 subsetting not needed</msg>
<msg timestamp="20241105 15:58:58.111" level="INFO">hmtx subsetted</msg>
<msg timestamp="20241105 15:58:58.112" level="INFO">cmap subsetted</msg>
<msg timestamp="20241105 15:58:58.112" level="INFO">prep subsetting not needed</msg>
<msg timestamp="20241105 15:58:58.112" level="INFO">loca subsetting not needed</msg>
<msg timestamp="20241105 15:58:58.113" level="INFO">post subsetted</msg>
<msg timestamp="20241105 15:58:58.113" level="INFO">gasp subsetting not needed</msg>
<msg timestamp="20241105 15:58:58.113" level="INFO">STAT subsetting not needed</msg>
<msg timestamp="20241105 15:58:58.113" level="INFO">name subsetting not needed</msg>
<msg timestamp="20241105 15:58:58.113" level="INFO">glyf subsetted</msg>
<msg timestamp="20241105 15:58:58.114" level="INFO">head pruned</msg>
<msg timestamp="20241105 15:58:58.114" level="INFO">OS/2 Unicode ranges pruned: [0]</msg>
<msg timestamp="20241105 15:58:58.114" level="INFO">OS/2 CodePage ranges pruned: [0]</msg>
<msg timestamp="20241105 15:58:58.114" level="INFO">glyf pruned</msg>
<msg timestamp="20241105 15:58:58.115" level="INFO">name pruned</msg>
<msg timestamp="20241105 15:58:58.119" level="INFO">maxp pruned</msg>
<msg timestamp="20241105 15:58:58.119" level="INFO">cmap pruned</msg>
<msg timestamp="20241105 15:58:58.120" level="INFO">post pruned</msg>
<msg timestamp="20241105 15:58:58.120" level="INFO">GDEF dropped</msg>
<msg timestamp="20241105 15:58:58.120" level="INFO">GPOS dropped</msg>
<msg timestamp="20241105 15:58:58.120" level="INFO">GSUB dropped</msg>
<msg timestamp="20241105 15:58:58.122" level="INFO">glyf pruned</msg>
<msg timestamp="20241105 15:58:58.123" level="INFO">Added gid0 to subset</msg>
<msg timestamp="20241105 15:58:58.123" level="INFO">Added first four glyphs to subset</msg>
<msg timestamp="20241105 15:58:58.124" level="INFO">Closing glyph list over 'glyf': 18 glyphs before</msg>
<msg timestamp="20241105 15:58:58.124" level="INFO">Glyph names: ['.notdef', '.null', 'uni0020', 'uni0030', 'uni0031', 'uni0032', 'uni0033', 'uni0034', 'uni0035', 'uni0036', 'uni0037', 'uni0038', 'uni0039', 'uni0062', 'uni006E', 'uni007B', 'uni007D', 'uni00A0']</msg>
<msg timestamp="20241105 15:58:58.124" level="INFO">Glyph IDs:   [0, 1, 2, 3, 544, 727, 1256, 1257, 1258, 1260, 1261, 1262, 1264, 1265, 1266, 1267, 1307, 1308]</msg>
<msg timestamp="20241105 15:58:58.124" level="INFO">Closed glyph list over 'glyf': 18 glyphs after</msg>
<msg timestamp="20241105 15:58:58.124" level="INFO">Glyph names: ['.notdef', '.null', 'uni0020', 'uni0030', 'uni0031', 'uni0032', 'uni0033', 'uni0034', 'uni0035', 'uni0036', 'uni0037', 'uni0038', 'uni0039', 'uni0062', 'uni006E', 'uni007B', 'uni007D', 'uni00A0']</msg>
<msg timestamp="20241105 15:58:58.124" level="INFO">Glyph IDs:   [0, 1, 2, 3, 544, 727, 1256, 1257, 1258, 1260, 1261, 1262, 1264, 1265, 1266, 1267, 1307, 1308]</msg>
<msg timestamp="20241105 15:58:58.124" level="INFO">Retaining 18 glyphs</msg>
<msg timestamp="20241105 15:58:58.125" level="INFO">head subsetting not needed</msg>
<msg timestamp="20241105 15:58:58.125" level="INFO">hhea subsetting not needed</msg>
<msg timestamp="20241105 15:58:58.125" level="INFO">maxp subsetting not needed</msg>
<msg timestamp="20241105 15:58:58.125" level="INFO">OS/2 subsetting not needed</msg>
<msg timestamp="20241105 15:58:58.125" level="INFO">hmtx subsetted</msg>
<msg timestamp="20241105 15:58:58.126" level="INFO">cmap subsetted</msg>
<msg timestamp="20241105 15:58:58.126" level="INFO">loca subsetting not needed</msg>
<msg timestamp="20241105 15:58:58.126" level="INFO">post subsetted</msg>
<msg timestamp="20241105 15:58:58.126" level="INFO">name subsetting not needed</msg>
<msg timestamp="20241105 15:58:58.127" level="INFO">glyf subsetted</msg>
<msg timestamp="20241105 15:58:58.127" level="INFO">head pruned</msg>
<msg timestamp="20241105 15:58:58.127" level="INFO">OS/2 Unicode ranges pruned: [0]</msg>
<msg timestamp="20241105 15:58:58.127" level="INFO">OS/2 CodePage ranges pruned: [0]</msg>
<msg timestamp="20241105 15:58:58.128" level="INFO">glyf pruned</msg>
<msg timestamp="20241105 15:58:58.128" level="INFO">name pruned</msg>
<msg timestamp="20241105 15:58:58.135" level="INFO">maxp pruned</msg>
<msg timestamp="20241105 15:58:58.136" level="INFO">cmap pruned</msg>
<msg timestamp="20241105 15:58:58.136" level="INFO">post pruned</msg>
<msg timestamp="20241105 15:58:58.136" level="INFO">GDEF dropped</msg>
<msg timestamp="20241105 15:58:58.136" level="INFO">GPOS dropped</msg>
<msg timestamp="20241105 15:58:58.136" level="INFO">GSUB dropped</msg>
<msg timestamp="20241105 15:58:58.138" level="INFO">glyf pruned</msg>
<msg timestamp="20241105 15:58:58.141" level="INFO">Added gid0 to subset</msg>
<msg timestamp="20241105 15:58:58.141" level="INFO">Added first four glyphs to subset</msg>
<msg timestamp="20241105 15:58:58.141" level="INFO">Closing glyph list over 'glyf': 18 glyphs before</msg>
<msg timestamp="20241105 15:58:58.141" level="INFO">Glyph names: ['.notdef', '.null', 'uni0020', 'uni0030', 'uni0031', 'uni0032', 'uni0033', 'uni0034', 'uni0035', 'uni0036', 'uni0037', 'uni0038', 'uni0039', 'uni0062', 'uni006E', 'uni007B', 'uni007D', 'uni00A0']</msg>
<msg timestamp="20241105 15:58:58.141" level="INFO">Glyph IDs:   [0, 1, 2, 3, 544, 727, 1256, 1257, 1258, 1260, 1261, 1262, 1264, 1265, 1266, 1267, 1307, 1308]</msg>
<msg timestamp="20241105 15:58:58.141" level="INFO">Closed glyph list over 'glyf': 18 glyphs after</msg>
<msg timestamp="20241105 15:58:58.141" level="INFO">Glyph names: ['.notdef', '.null', 'uni0020', 'uni0030', 'uni0031', 'uni0032', 'uni0033', 'uni0034', 'uni0035', 'uni0036', 'uni0037', 'uni0038', 'uni0039', 'uni0062', 'uni006E', 'uni007B', 'uni007D', 'uni00A0']</msg>
<msg timestamp="20241105 15:58:58.142" level="INFO">Glyph IDs:   [0, 1, 2, 3, 544, 727, 1256, 1257, 1258, 1260, 1261, 1262, 1264, 1265, 1266, 1267, 1307, 1308]</msg>
<msg timestamp="20241105 15:58:58.142" level="INFO">Retaining 18 glyphs</msg>
<msg timestamp="20241105 15:58:58.142" level="INFO">head subsetting not needed</msg>
<msg timestamp="20241105 15:58:58.142" level="INFO">hhea subsetting not needed</msg>
<msg timestamp="20241105 15:58:58.142" level="INFO">maxp subsetting not needed</msg>
<msg timestamp="20241105 15:58:58.164" level="INFO">OS/2 subsetting not needed</msg>
<msg timestamp="20241105 15:58:58.164" level="INFO">hmtx subsetted</msg>
<msg timestamp="20241105 15:58:58.165" level="INFO">cmap subsetted</msg>
<msg timestamp="20241105 15:58:58.165" level="INFO">loca subsetting not needed</msg>
<msg timestamp="20241105 15:58:58.165" level="INFO">post subsetted</msg>
<msg timestamp="20241105 15:58:58.165" level="INFO">name subsetting not needed</msg>
<msg timestamp="20241105 15:58:58.166" level="INFO">glyf subsetted</msg>
<msg timestamp="20241105 15:58:58.166" level="INFO">head pruned</msg>
<msg timestamp="20241105 15:58:58.166" level="INFO">OS/2 Unicode ranges pruned: [0]</msg>
<msg timestamp="20241105 15:58:58.166" level="INFO">OS/2 CodePage ranges pruned: [0]</msg>
<msg timestamp="20241105 15:58:58.166" level="INFO">glyf pruned</msg>
<msg timestamp="20241105 15:58:58.167" level="INFO">name pruned</msg>
<status status="PASS" starttime="20241105 15:58:58.036" endtime="20241105 15:58:58.173"/>
</kw>
<return>
<value>${OUTPUT_DIR}${/}results${/}receipt_${order_number}.pdf</value>
<status status="PASS" starttime="20241105 15:58:58.173" endtime="20241105 15:58:58.173"/>
</return>
<msg timestamp="20241105 15:58:58.173" level="INFO">${pdf_stored} = C:\Users\SiddharthLohapatre\OneDrive - nexler\Robot_Framework\robot_framework_cert2\results\receipt_2.pdf</msg>
<status status="PASS" starttime="20241105 15:58:58.028" endtime="20241105 15:58:58.173"/>
</kw>
<kw name="Screenshot Robot">
<var>${screenshot}</var>
<arg>${row}[Order number]</arg>
<kw name="Set Variable" library="BuiltIn">
<var>${screenshot_path}</var>
<arg>${OUTPUT_DIR}${/}results${/}screenshot_robot_${order_number}.png</arg>
<doc>Returns the given values which can then be assigned to a variables.</doc>
<msg timestamp="20241105 15:58:58.174" level="INFO">${screenshot_path} = C:\Users\SiddharthLohapatre\OneDrive - nexler\Robot_Framework\robot_framework_cert2\results\screenshot_robot_2.png</msg>
<status status="PASS" starttime="20241105 15:58:58.174" endtime="20241105 15:58:58.174"/>
</kw>
<kw name="Take Screenshot" library="RPA.Browser.Playwright">
<arg>selector=\#robot-preview-image</arg>
<arg>filename=${screenshot_path}</arg>
<tag>PageContent</tag>
<doc>Takes a screenshot of the current window or element and saves it to disk.</doc>
<msg timestamp="20241105 15:58:58.287" level="INFO" html="true">&lt;/td&gt;&lt;/tr&gt;&lt;tr&gt;&lt;td colspan="3"&gt;&lt;a href="results/screenshot_robot_2.png" target="_blank"&gt;&lt;img src="results/screenshot_robot_2.png" width="800px"/&gt;&lt;/a&gt;</msg>
<status status="PASS" starttime="20241105 15:58:58.174" endtime="20241105 15:58:58.288"/>
</kw>
<return>
<value>${screenshot_path}</value>
<status status="PASS" starttime="20241105 15:58:58.288" endtime="20241105 15:58:58.288"/>
</return>
<msg timestamp="20241105 15:58:58.288" level="INFO">${screenshot} = C:\Users\SiddharthLohapatre\OneDrive - nexler\Robot_Framework\robot_framework_cert2\results\screenshot_robot_2.png</msg>
<status status="PASS" starttime="20241105 15:58:58.174" endtime="20241105 15:58:58.288"/>
</kw>
<kw name="Embed Screenshot To Receipt">
<arg>${screenshot}</arg>
<arg>${pdf_stored}</arg>
<kw name="Create List" library="BuiltIn">
<var>${files}</var>
<arg>${screenshot}</arg>
<doc>Returns a list containing given items.</doc>
<msg timestamp="20241105 15:58:58.289" level="INFO">${files} = ['C:\\Users\\SiddharthLohapatre\\OneDrive - nexler\\Robot_Framework\\robot_framework_cert2\\results\\screenshot_robot_2.png']</msg>
<status status="PASS" starttime="20241105 15:58:58.289" endtime="20241105 15:58:58.289"/>
</kw>
<kw name="Add Files To Pdf" library="RPA.PDF">
<arg>files=${files}</arg>
<arg>target_document=${pdf_file}</arg>
<arg>append=${TRUE}</arg>
<doc>Add images and/or pdfs to new PDF document.</doc>
<msg timestamp="20241105 15:58:58.295" level="INFO">Adding page: 0</msg>
<msg timestamp="20241105 15:58:58.298" level="INFO">File C:\Users\SiddharthLohapatre\OneDrive - nexler\Robot_Framework\robot_framework_cert2\results\screenshot_robot_2.png type: png</msg>
<msg timestamp="20241105 15:58:58.298" level="INFO">Image parameters: {}</msg>
<status status="PASS" starttime="20241105 15:58:58.289" endtime="20241105 15:58:58.318"/>
</kw>
<status status="PASS" starttime="20241105 15:58:58.288" endtime="20241105 15:58:58.318"/>
</kw>
<kw name="Remove File" library="RPA.FileSystem">
<arg>${screenshot}</arg>
<doc>Removes the given file.</doc>
<status status="PASS" starttime="20241105 15:58:58.318" endtime="20241105 15:58:58.319"/>
</kw>
<kw name="Click" library="RPA.Browser.Playwright">
<arg>\#order-another</arg>
<tag>PageContent</tag>
<tag>Setter</tag>
<doc>Simulates mouse click on the element found by ``selector``.</doc>
<status status="PASS" starttime="20241105 15:58:58.319" endtime="20241105 15:58:58.459"/>
</kw>
<status status="PASS" starttime="20241105 15:58:57.087" endtime="20241105 15:58:58.459"/>
</kw>
<status status="PASS" starttime="20241105 15:58:57.086" endtime="20241105 15:58:58.461"/>
</iter>
<iter>
<var name="${row}">{'Order number': '3', 'Head': '6', 'Body': '2', 'Legs': '3', 'Address': 'Address 789'}</var>
<kw name="Fill And Submit CSV Data">
<arg>${row}</arg>
<kw name="Close Annoying Modal">
<kw name="Wait For Elements State" library="RPA.Browser.Playwright">
<arg>css=.modal-dialog</arg>
<arg>visible</arg>
<tag>PageContent</tag>
<tag>Wait</tag>
<doc>Waits for the element found by ``selector`` to satisfy state option.</doc>
<msg timestamp="20241105 15:58:58.475" level="INFO">Waited for Element with selector css=.modal-dialog at state visible</msg>
<status status="PASS" starttime="20241105 15:58:58.461" endtime="20241105 15:58:58.475"/>
</kw>
<kw name="Click" library="RPA.Browser.Playwright">
<arg>css=.btn.btn-dark</arg>
<tag>PageContent</tag>
<tag>Setter</tag>
<doc>Simulates mouse click on the element found by ``selector``.</doc>
<status status="PASS" starttime="20241105 15:58:58.475" endtime="20241105 15:58:58.524"/>
</kw>
<status status="PASS" starttime="20241105 15:58:58.461" endtime="20241105 15:58:58.524"/>
</kw>
<kw name="Select Options By" library="RPA.Browser.Playwright">
<arg>\#head</arg>
<arg>index</arg>
<arg>${row}[Head]</arg>
<tag>PageContent</tag>
<tag>Setter</tag>
<doc>Selects options from select element found by ``selector``.</doc>
<status status="PASS" starttime="20241105 15:58:58.524" endtime="20241105 15:58:58.542"/>
</kw>
<kw name="Click" library="RPA.Browser.Playwright">
<arg>css=#id-body-${row}[Body]</arg>
<tag>PageContent</tag>
<tag>Setter</tag>
<doc>Simulates mouse click on the element found by ``selector``.</doc>
<status status="PASS" starttime="20241105 15:58:58.542" endtime="20241105 15:58:58.573"/>
</kw>
<kw name="Fill Text" library="RPA.Browser.Playwright">
<arg>css=input[placeholder='Enter the part number for the legs']</arg>
<arg>${row}[Legs]</arg>
<tag>PageContent</tag>
<tag>Setter</tag>
<doc>Clears and fills the given ``txt`` into the text field found by ``selector``.</doc>
<msg timestamp="20241105 15:58:58.574" level="INFO">Fills the text '3' in the given field.</msg>
<status status="PASS" starttime="20241105 15:58:58.573" endtime="20241105 15:58:58.583"/>
</kw>
<kw name="Fill Text" library="RPA.Browser.Playwright">
<arg>\#address</arg>
<arg>${row}[Address]</arg>
<tag>PageContent</tag>
<tag>Setter</tag>
<doc>Clears and fills the given ``txt`` into the text field found by ``selector``.</doc>
<msg timestamp="20241105 15:58:58.583" level="INFO">Fills the text 'Address 789' in the given field.</msg>
<status status="PASS" starttime="20241105 15:58:58.583" endtime="20241105 15:58:58.592"/>
</kw>
<kw name="Click" library="RPA.Browser.Playwright">
<arg>text=Preview</arg>
<tag>PageContent</tag>
<tag>Setter</tag>
<doc>Simulates mouse click on the element found by ``selector``.</doc>
<status status="PASS" starttime="20241105 15:58:58.592" endtime="20241105 15:58:58.647"/>
</kw>
<kw name="Wait Until Network Is Idle" library="RPA.Browser.Playwright">
<tag>HTTP</tag>
<tag>Wait</tag>
<doc>Waits until there has been at least one instance of 500 ms of no network traffic on the page after loading.</doc>
<status status="PASS" starttime="20241105 15:58:58.647" endtime="20241105 15:58:59.243"/>
</kw>
<kw name="Click" library="RPA.Browser.Playwright">
<arg>css=#order</arg>
<tag>PageContent</tag>
<tag>Setter</tag>
<doc>Simulates mouse click on the element found by ``selector``.</doc>
<status status="PASS" starttime="20241105 15:58:59.243" endtime="20241105 15:58:59.279"/>
</kw>
<kw name="Get Element Count" library="RPA.Browser.Playwright">
<var>${alert_count}</var>
<arg>css=.alert-danger</arg>
<tag>Assertion</tag>
<tag>Getter</tag>
<tag>PageContent</tag>
<doc>Returns the count of elements found with ``selector``.</doc>
<msg timestamp="20241105 15:58:59.283" level="INFO">${alert_count} = 0</msg>
<status status="PASS" starttime="20241105 15:58:59.279" endtime="20241105 15:58:59.283"/>
</kw>
<while condition="${alert_count} &gt; 0">
<iter>
<kw name="Click" library="RPA.Browser.Playwright">
<arg>css=#order</arg>
<tag>PageContent</tag>
<tag>Setter</tag>
<doc>Simulates mouse click on the element found by ``selector``.</doc>
<status status="NOT RUN" starttime="20241105 15:58:59.284" endtime="20241105 15:58:59.284"/>
</kw>
<kw name="Get Element Count" library="RPA.Browser.Playwright">
<var>${alert_count}</var>
<arg>css=.alert-danger</arg>
<tag>Assertion</tag>
<tag>Getter</tag>
<tag>PageContent</tag>
<doc>Returns the count of elements found with ``selector``.</doc>
<status status="NOT RUN" starttime="20241105 15:58:59.284" endtime="20241105 15:58:59.284"/>
</kw>
<status status="NOT RUN" starttime="20241105 15:58:59.283" endtime="20241105 15:58:59.284"/>
</iter>
<status status="NOT RUN" starttime="20241105 15:58:59.283" endtime="20241105 15:58:59.284"/>
</while>
<kw name="Store Receipt As PDF">
<var>${pdf_stored}</var>
<arg>${row}[Order number]</arg>
<kw name="Get Property" library="RPA.Browser.Playwright">
<var>${receipt_html}</var>
<arg>\#order-completion</arg>
<arg>innerHTML</arg>
<tag>Assertion</tag>
<tag>Getter</tag>
<tag>PageContent</tag>
<doc>Returns the ``property`` of the element found by ``selector``.</doc>
<msg timestamp="20241105 15:58:59.294" level="INFO">Property: '&lt;div id="receipt" class="alert alert-success" role="alert"&gt;&lt;h3&gt;Receipt&lt;/h3&gt;&lt;div&gt;2024-11-05T14:58:59.274Z&lt;/div&gt;&lt;p class="badge badge-success"&gt;RSB-ROBO-ORDER-JZDPSLXBDX&lt;/p&gt;&lt;p&gt;Address 789&lt;/p&gt;&lt;div id="parts" class="alert alert-light" role="alert"&gt;&lt;div&gt;Head: 6&lt;/div&gt;&lt;div&gt;Body: 2&lt;/div&gt;&lt;div&gt;Legs: 3&lt;/div&gt;&lt;/div&gt;&lt;p&gt;Thank you for your order! We will ship your robot to you as soon as our warehouse robots gather the parts you ordered! You will receive your robot in no time!&lt;/p&gt;&lt;/div&gt;&lt;button id="order-another" type="submit" class="btn btn-primary"&gt;Order another robot&lt;/button&gt;'</msg>
<msg timestamp="20241105 15:58:59.294" level="INFO">${receipt_html} = &lt;div id="receipt" class="alert alert-success" role="alert"&gt;&lt;h3&gt;Receipt&lt;/h3&gt;&lt;div&gt;2024-11-05T14:58:59.274Z&lt;/div&gt;&lt;p class="badge badge-success"&gt;RSB-ROBO-ORDER-JZDPSLXBDX&lt;/p&gt;&lt;p&gt;Address 789&lt;/p&gt;&lt;div id="par...</msg>
<status status="PASS" starttime="20241105 15:58:59.285" endtime="20241105 15:58:59.294"/>
</kw>
<kw name="Html To Pdf" library="RPA.PDF">
<arg>${receipt_html}</arg>
<arg>${OUTPUT_DIR}${/}results${/}receipt_${order_number}.pdf</arg>
<doc>Generate a PDF file from HTML content.</doc>
<msg timestamp="20241105 15:58:59.296" level="INFO">Writing output to file C:\Users\SiddharthLohapatre\OneDrive - nexler\Robot_Framework\robot_framework_cert2\results\receipt_3.pdf</msg>
<msg timestamp="20241105 15:58:59.345" level="INFO">maxp pruned</msg>
<msg timestamp="20241105 15:58:59.345" level="INFO">cmap pruned</msg>
<msg timestamp="20241105 15:58:59.346" level="INFO">post pruned</msg>
<msg timestamp="20241105 15:58:59.346" level="INFO">GDEF dropped</msg>
<msg timestamp="20241105 15:58:59.346" level="INFO">GPOS dropped</msg>
<msg timestamp="20241105 15:58:59.346" level="INFO">GSUB dropped</msg>
<msg timestamp="20241105 15:58:59.348" level="INFO">glyf pruned</msg>
<msg timestamp="20241105 15:58:59.349" level="INFO">Added gid0 to subset</msg>
<msg timestamp="20241105 15:58:59.349" level="INFO">Added first four glyphs to subset</msg>
<msg timestamp="20241105 15:58:59.349" level="INFO">Closing glyph list over 'glyf': 58 glyphs before</msg>
<msg timestamp="20241105 15:58:59.349" level="INFO">Glyph names: ['.notdef', '.null', 'uni0020', 'uni0021', 'uni002D', 'uni002E', 'uni0030', 'uni0031', 'uni0032', 'uni0033', 'uni0034', 'uni0035', 'uni0036', 'uni0037', 'uni0038', 'uni0039', 'uni003A', 'uni0041', 'uni0042', 'uni0044', 'uni0045', 'uni0048', 'uni004A', 'uni004C', 'uni004F', 'uni0050', 'uni0052', 'uni0053', 'uni0054', 'uni0057', 'uni0058', 'uni0059', 'uni005A', 'uni0061', 'uni0062', 'uni0063', 'uni0064', 'uni0065', 'uni0066', 'uni0067', 'uni0068', 'uni0069', 'uni006B', 'uni006C', 'uni006D', 'uni006E', 'uni006F', 'uni0070', 'uni0072', 'uni0073', 'uni0074', 'uni0075', 'uni0076', 'uni0077', 'uni0079', 'uni007B', 'uni007D', 'uni00C4']</msg>
<msg timestamp="20241105 15:58:59.349" level="INFO">Glyph IDs:   [0, 1, 2, 3, 65, 84, 95, 161, 265, 280, 320, 374, 382, 395, 409, 456, 463, 469, 493, 504, 575, 582, 594, 612, 645, 650, 660, 679, 715, 723, 752, 759, 775, 827, 837, 867, 884, 899, 932, 936, 950, 1294, 1295, 1296, 1298, 1299, 1300, 1302, 1303, 1304, 1305, 1329, 1345, 1346, 1361, 1404, 1407, 1681]</msg>
<msg timestamp="20241105 15:58:59.349" level="INFO">Closed glyph list over 'glyf': 58 glyphs after</msg>
<msg timestamp="20241105 15:58:59.350" level="INFO">Glyph names: ['.notdef', '.null', 'uni0020', 'uni0021', 'uni002D', 'uni002E', 'uni0030', 'uni0031', 'uni0032', 'uni0033', 'uni0034', 'uni0035', 'uni0036', 'uni0037', 'uni0038', 'uni0039', 'uni003A', 'uni0041', 'uni0042', 'uni0044', 'uni0045', 'uni0048', 'uni004A', 'uni004C', 'uni004F', 'uni0050', 'uni0052', 'uni0053', 'uni0054', 'uni0057', 'uni0058', 'uni0059', 'uni005A', 'uni0061', 'uni0062', 'uni0063', 'uni0064', 'uni0065', 'uni0066', 'uni0067', 'uni0068', 'uni0069', 'uni006B', 'uni006C', 'uni006D', 'uni006E', 'uni006F', 'uni0070', 'uni0072', 'uni0073', 'uni0074', 'uni0075', 'uni0076', 'uni0077', 'uni0079', 'uni007B', 'uni007D', 'uni00C4']</msg>
<msg timestamp="20241105 15:58:59.350" level="INFO">Glyph IDs:   [0, 1, 2, 3, 65, 84, 95, 161, 265, 280, 320, 374, 382, 395, 409, 456, 463, 469, 493, 504, 575, 582, 594, 612, 645, 650, 660, 679, 715, 723, 752, 759, 775, 827, 837, 867, 884, 899, 932, 936, 950, 1294, 1295, 1296, 1298, 1299, 1300, 1302, 1303, 1304, 1305, 1329, 1345, 1346, 1361, 1404, 1407, 1681]</msg>
<msg timestamp="20241105 15:58:59.350" level="INFO">Retaining 58 glyphs</msg>
<msg timestamp="20241105 15:58:59.350" level="INFO">head subsetting not needed</msg>
<msg timestamp="20241105 15:58:59.350" level="INFO">hhea subsetting not needed</msg>
<msg timestamp="20241105 15:58:59.350" level="INFO">maxp subsetting not needed</msg>
<msg timestamp="20241105 15:58:59.350" level="INFO">OS/2 subsetting not needed</msg>
<msg timestamp="20241105 15:58:59.350" level="INFO">hmtx subsetted</msg>
<msg timestamp="20241105 15:58:59.351" level="INFO">cmap subsetted</msg>
<msg timestamp="20241105 15:58:59.352" level="INFO">prep subsetting not needed</msg>
<msg timestamp="20241105 15:58:59.352" level="INFO">loca subsetting not needed</msg>
<msg timestamp="20241105 15:58:59.352" level="INFO">post subsetted</msg>
<msg timestamp="20241105 15:58:59.352" level="INFO">gasp subsetting not needed</msg>
<msg timestamp="20241105 15:58:59.352" level="INFO">STAT subsetting not needed</msg>
<msg timestamp="20241105 15:58:59.352" level="INFO">name subsetting not needed</msg>
<msg timestamp="20241105 15:58:59.353" level="INFO">glyf subsetted</msg>
<msg timestamp="20241105 15:58:59.353" level="INFO">head pruned</msg>
<msg timestamp="20241105 15:58:59.353" level="INFO">OS/2 Unicode ranges pruned: [0]</msg>
<msg timestamp="20241105 15:58:59.353" level="INFO">OS/2 CodePage ranges pruned: [0]</msg>
<msg timestamp="20241105 15:58:59.354" level="INFO">glyf pruned</msg>
<msg timestamp="20241105 15:58:59.354" level="INFO">name pruned</msg>
<msg timestamp="20241105 15:58:59.365" level="INFO">maxp pruned</msg>
<msg timestamp="20241105 15:58:59.365" level="INFO">cmap pruned</msg>
<msg timestamp="20241105 15:58:59.365" level="INFO">post pruned</msg>
<msg timestamp="20241105 15:58:59.365" level="INFO">GDEF dropped</msg>
<msg timestamp="20241105 15:58:59.365" level="INFO">GPOS dropped</msg>
<msg timestamp="20241105 15:58:59.365" level="INFO">GSUB dropped</msg>
<msg timestamp="20241105 15:58:59.368" level="INFO">glyf pruned</msg>
<msg timestamp="20241105 15:58:59.368" level="INFO">Added gid0 to subset</msg>
<msg timestamp="20241105 15:58:59.368" level="INFO">Added first four glyphs to subset</msg>
<msg timestamp="20241105 15:58:59.368" level="INFO">Closing glyph list over 'glyf': 19 glyphs before</msg>
<msg timestamp="20241105 15:58:59.368" level="INFO">Glyph names: ['.notdef', '.null', 'uni0020', 'uni0030', 'uni0031', 'uni0032', 'uni0033', 'uni0034', 'uni0035', 'uni0036', 'uni0037', 'uni0038', 'uni0039', 'uni0041', 'uni0062', 'uni006E', 'uni007B', 'uni007D', 'uni00C4']</msg>
<msg timestamp="20241105 15:58:59.368" level="INFO">Glyph IDs:   [0, 1, 2, 3, 575, 759, 1294, 1295, 1296, 1298, 1299, 1300, 1302, 1303, 1304, 1305, 1345, 1346, 1681]</msg>
<msg timestamp="20241105 15:58:59.369" level="INFO">Closed glyph list over 'glyf': 19 glyphs after</msg>
<msg timestamp="20241105 15:58:59.369" level="INFO">Glyph names: ['.notdef', '.null', 'uni0020', 'uni0030', 'uni0031', 'uni0032', 'uni0033', 'uni0034', 'uni0035', 'uni0036', 'uni0037', 'uni0038', 'uni0039', 'uni0041', 'uni0062', 'uni006E', 'uni007B', 'uni007D', 'uni00C4']</msg>
<msg timestamp="20241105 15:58:59.369" level="INFO">Glyph IDs:   [0, 1, 2, 3, 575, 759, 1294, 1295, 1296, 1298, 1299, 1300, 1302, 1303, 1304, 1305, 1345, 1346, 1681]</msg>
<msg timestamp="20241105 15:58:59.369" level="INFO">Retaining 19 glyphs</msg>
<msg timestamp="20241105 15:58:59.369" level="INFO">head subsetting not needed</msg>
<msg timestamp="20241105 15:58:59.369" level="INFO">hhea subsetting not needed</msg>
<msg timestamp="20241105 15:58:59.370" level="INFO">maxp subsetting not needed</msg>
<msg timestamp="20241105 15:58:59.370" level="INFO">OS/2 subsetting not needed</msg>
<msg timestamp="20241105 15:58:59.370" level="INFO">hmtx subsetted</msg>
<msg timestamp="20241105 15:58:59.371" level="INFO">cmap subsetted</msg>
<msg timestamp="20241105 15:58:59.371" level="INFO">prep subsetting not needed</msg>
<msg timestamp="20241105 15:58:59.372" level="INFO">loca subsetting not needed</msg>
<msg timestamp="20241105 15:58:59.372" level="INFO">post subsetted</msg>
<msg timestamp="20241105 15:58:59.372" level="INFO">gasp subsetting not needed</msg>
<msg timestamp="20241105 15:58:59.372" level="INFO">STAT subsetting not needed</msg>
<msg timestamp="20241105 15:58:59.372" level="INFO">name subsetting not needed</msg>
<msg timestamp="20241105 15:58:59.373" level="INFO">glyf subsetted</msg>
<msg timestamp="20241105 15:58:59.373" level="INFO">head pruned</msg>
<msg timestamp="20241105 15:58:59.373" level="INFO">OS/2 Unicode ranges pruned: [0]</msg>
<msg timestamp="20241105 15:58:59.373" level="INFO">OS/2 CodePage ranges pruned: [0]</msg>
<msg timestamp="20241105 15:58:59.374" level="INFO">glyf pruned</msg>
<msg timestamp="20241105 15:58:59.375" level="INFO">name pruned</msg>
<msg timestamp="20241105 15:58:59.384" level="INFO">maxp pruned</msg>
<msg timestamp="20241105 15:58:59.384" level="INFO">cmap pruned</msg>
<msg timestamp="20241105 15:58:59.385" level="INFO">post pruned</msg>
<msg timestamp="20241105 15:58:59.385" level="INFO">GDEF dropped</msg>
<msg timestamp="20241105 15:58:59.385" level="INFO">GPOS dropped</msg>
<msg timestamp="20241105 15:58:59.385" level="INFO">GSUB dropped</msg>
<msg timestamp="20241105 15:58:59.388" level="INFO">glyf pruned</msg>
<msg timestamp="20241105 15:58:59.390" level="INFO">Added gid0 to subset</msg>
<msg timestamp="20241105 15:58:59.390" level="INFO">Added first four glyphs to subset</msg>
<msg timestamp="20241105 15:58:59.390" level="INFO">Closing glyph list over 'glyf': 18 glyphs before</msg>
<msg timestamp="20241105 15:58:59.390" level="INFO">Glyph names: ['.notdef', '.null', 'uni0020', 'uni0030', 'uni0031', 'uni0032', 'uni0033', 'uni0034', 'uni0035', 'uni0036', 'uni0037', 'uni0038', 'uni0039', 'uni0062', 'uni006E', 'uni007B', 'uni007D', 'uni00A0']</msg>
<msg timestamp="20241105 15:58:59.390" level="INFO">Glyph IDs:   [0, 1, 2, 3, 544, 727, 1256, 1257, 1258, 1260, 1261, 1262, 1264, 1265, 1266, 1267, 1307, 1308]</msg>
<msg timestamp="20241105 15:58:59.390" level="INFO">Closed glyph list over 'glyf': 18 glyphs after</msg>
<msg timestamp="20241105 15:58:59.391" level="INFO">Glyph names: ['.notdef', '.null', 'uni0020', 'uni0030', 'uni0031', 'uni0032', 'uni0033', 'uni0034', 'uni0035', 'uni0036', 'uni0037', 'uni0038', 'uni0039', 'uni0062', 'uni006E', 'uni007B', 'uni007D', 'uni00A0']</msg>
<msg timestamp="20241105 15:58:59.391" level="INFO">Glyph IDs:   [0, 1, 2, 3, 544, 727, 1256, 1257, 1258, 1260, 1261, 1262, 1264, 1265, 1266, 1267, 1307, 1308]</msg>
<msg timestamp="20241105 15:58:59.391" level="INFO">Retaining 18 glyphs</msg>
<msg timestamp="20241105 15:58:59.391" level="INFO">head subsetting not needed</msg>
<msg timestamp="20241105 15:58:59.391" level="INFO">hhea subsetting not needed</msg>
<msg timestamp="20241105 15:58:59.391" level="INFO">maxp subsetting not needed</msg>
<msg timestamp="20241105 15:58:59.391" level="INFO">OS/2 subsetting not needed</msg>
<msg timestamp="20241105 15:58:59.391" level="INFO">hmtx subsetted</msg>
<msg timestamp="20241105 15:58:59.392" level="INFO">cmap subsetted</msg>
<msg timestamp="20241105 15:58:59.392" level="INFO">loca subsetting not needed</msg>
<msg timestamp="20241105 15:58:59.392" level="INFO">post subsetted</msg>
<msg timestamp="20241105 15:58:59.392" level="INFO">name subsetting not needed</msg>
<msg timestamp="20241105 15:58:59.393" level="INFO">glyf subsetted</msg>
<msg timestamp="20241105 15:58:59.393" level="INFO">head pruned</msg>
<msg timestamp="20241105 15:58:59.393" level="INFO">OS/2 Unicode ranges pruned: [0]</msg>
<msg timestamp="20241105 15:58:59.393" level="INFO">OS/2 CodePage ranges pruned: [0]</msg>
<msg timestamp="20241105 15:58:59.394" level="INFO">glyf pruned</msg>
<msg timestamp="20241105 15:58:59.394" level="INFO">name pruned</msg>
<msg timestamp="20241105 15:58:59.399" level="INFO">maxp pruned</msg>
<msg timestamp="20241105 15:58:59.399" level="INFO">cmap pruned</msg>
<msg timestamp="20241105 15:58:59.399" level="INFO">post pruned</msg>
<msg timestamp="20241105 15:58:59.399" level="INFO">GDEF dropped</msg>
<msg timestamp="20241105 15:58:59.400" level="INFO">GPOS dropped</msg>
<msg timestamp="20241105 15:58:59.400" level="INFO">GSUB dropped</msg>
<msg timestamp="20241105 15:58:59.402" level="INFO">glyf pruned</msg>
<msg timestamp="20241105 15:58:59.403" level="INFO">Added gid0 to subset</msg>
<msg timestamp="20241105 15:58:59.403" level="INFO">Added first four glyphs to subset</msg>
<msg timestamp="20241105 15:58:59.404" level="INFO">Closing glyph list over 'glyf': 18 glyphs before</msg>
<msg timestamp="20241105 15:58:59.404" level="INFO">Glyph names: ['.notdef', '.null', 'uni0020', 'uni0030', 'uni0031', 'uni0032', 'uni0033', 'uni0034', 'uni0035', 'uni0036', 'uni0037', 'uni0038', 'uni0039', 'uni0062', 'uni006E', 'uni007B', 'uni007D', 'uni00A0']</msg>
<msg timestamp="20241105 15:58:59.404" level="INFO">Glyph IDs:   [0, 1, 2, 3, 544, 727, 1256, 1257, 1258, 1260, 1261, 1262, 1264, 1265, 1266, 1267, 1307, 1308]</msg>
<msg timestamp="20241105 15:58:59.404" level="INFO">Closed glyph list over 'glyf': 18 glyphs after</msg>
<msg timestamp="20241105 15:58:59.404" level="INFO">Glyph names: ['.notdef', '.null', 'uni0020', 'uni0030', 'uni0031', 'uni0032', 'uni0033', 'uni0034', 'uni0035', 'uni0036', 'uni0037', 'uni0038', 'uni0039', 'uni0062', 'uni006E', 'uni007B', 'uni007D', 'uni00A0']</msg>
<msg timestamp="20241105 15:58:59.404" level="INFO">Glyph IDs:   [0, 1, 2, 3, 544, 727, 1256, 1257, 1258, 1260, 1261, 1262, 1264, 1265, 1266, 1267, 1307, 1308]</msg>
<msg timestamp="20241105 15:58:59.404" level="INFO">Retaining 18 glyphs</msg>
<msg timestamp="20241105 15:58:59.404" level="INFO">head subsetting not needed</msg>
<msg timestamp="20241105 15:58:59.404" level="INFO">hhea subsetting not needed</msg>
<msg timestamp="20241105 15:58:59.405" level="INFO">maxp subsetting not needed</msg>
<msg timestamp="20241105 15:58:59.405" level="INFO">OS/2 subsetting not needed</msg>
<msg timestamp="20241105 15:58:59.405" level="INFO">hmtx subsetted</msg>
<msg timestamp="20241105 15:58:59.405" level="INFO">cmap subsetted</msg>
<msg timestamp="20241105 15:58:59.405" level="INFO">loca subsetting not needed</msg>
<msg timestamp="20241105 15:58:59.406" level="INFO">post subsetted</msg>
<msg timestamp="20241105 15:58:59.406" level="INFO">name subsetting not needed</msg>
<msg timestamp="20241105 15:58:59.406" level="INFO">glyf subsetted</msg>
<msg timestamp="20241105 15:58:59.406" level="INFO">head pruned</msg>
<msg timestamp="20241105 15:58:59.407" level="INFO">OS/2 Unicode ranges pruned: [0]</msg>
<msg timestamp="20241105 15:58:59.407" level="INFO">OS/2 CodePage ranges pruned: [0]</msg>
<msg timestamp="20241105 15:58:59.407" level="INFO">glyf pruned</msg>
<msg timestamp="20241105 15:58:59.407" level="INFO">name pruned</msg>
<status status="PASS" starttime="20241105 15:58:59.295" endtime="20241105 15:58:59.414"/>
</kw>
<return>
<value>${OUTPUT_DIR}${/}results${/}receipt_${order_number}.pdf</value>
<status status="PASS" starttime="20241105 15:58:59.414" endtime="20241105 15:58:59.414"/>
</return>
<msg timestamp="20241105 15:58:59.414" level="INFO">${pdf_stored} = C:\Users\SiddharthLohapatre\OneDrive - nexler\Robot_Framework\robot_framework_cert2\results\receipt_3.pdf</msg>
<status status="PASS" starttime="20241105 15:58:59.285" endtime="20241105 15:58:59.415"/>
</kw>
<kw name="Screenshot Robot">
<var>${screenshot}</var>
<arg>${row}[Order number]</arg>
<kw name="Set Variable" library="BuiltIn">
<var>${screenshot_path}</var>
<arg>${OUTPUT_DIR}${/}results${/}screenshot_robot_${order_number}.png</arg>
<doc>Returns the given values which can then be assigned to a variables.</doc>
<msg timestamp="20241105 15:58:59.416" level="INFO">${screenshot_path} = C:\Users\SiddharthLohapatre\OneDrive - nexler\Robot_Framework\robot_framework_cert2\results\screenshot_robot_3.png</msg>
<status status="PASS" starttime="20241105 15:58:59.415" endtime="20241105 15:58:59.416"/>
</kw>
<kw name="Take Screenshot" library="RPA.Browser.Playwright">
<arg>selector=\#robot-preview-image</arg>
<arg>filename=${screenshot_path}</arg>
<tag>PageContent</tag>
<doc>Takes a screenshot of the current window or element and saves it to disk.</doc>
<msg timestamp="20241105 15:58:59.527" level="INFO" html="true">&lt;/td&gt;&lt;/tr&gt;&lt;tr&gt;&lt;td colspan="3"&gt;&lt;a href="results/screenshot_robot_3.png" target="_blank"&gt;&lt;img src="results/screenshot_robot_3.png" width="800px"/&gt;&lt;/a&gt;</msg>
<status status="PASS" starttime="20241105 15:58:59.416" endtime="20241105 15:58:59.527"/>
</kw>
<return>
<value>${screenshot_path}</value>
<status status="PASS" starttime="20241105 15:58:59.528" endtime="20241105 15:58:59.528"/>
</return>
<msg timestamp="20241105 15:58:59.528" level="INFO">${screenshot} = C:\Users\SiddharthLohapatre\OneDrive - nexler\Robot_Framework\robot_framework_cert2\results\screenshot_robot_3.png</msg>
<status status="PASS" starttime="20241105 15:58:59.415" endtime="20241105 15:58:59.528"/>
</kw>
<kw name="Embed Screenshot To Receipt">
<arg>${screenshot}</arg>
<arg>${pdf_stored}</arg>
<kw name="Create List" library="BuiltIn">
<var>${files}</var>
<arg>${screenshot}</arg>
<doc>Returns a list containing given items.</doc>
<msg timestamp="20241105 15:58:59.529" level="INFO">${files} = ['C:\\Users\\SiddharthLohapatre\\OneDrive - nexler\\Robot_Framework\\robot_framework_cert2\\results\\screenshot_robot_3.png']</msg>
<status status="PASS" starttime="20241105 15:58:59.528" endtime="20241105 15:58:59.529"/>
</kw>
<kw name="Add Files To Pdf" library="RPA.PDF">
<arg>files=${files}</arg>
<arg>target_document=${pdf_file}</arg>
<arg>append=${TRUE}</arg>
<doc>Add images and/or pdfs to new PDF document.</doc>
<msg timestamp="20241105 15:58:59.535" level="INFO">Adding page: 0</msg>
<msg timestamp="20241105 15:58:59.539" level="INFO">File C:\Users\SiddharthLohapatre\OneDrive - nexler\Robot_Framework\robot_framework_cert2\results\screenshot_robot_3.png type: png</msg>
<msg timestamp="20241105 15:58:59.539" level="INFO">Image parameters: {}</msg>
<status status="PASS" starttime="20241105 15:58:59.529" endtime="20241105 15:58:59.562"/>
</kw>
<status status="PASS" starttime="20241105 15:58:59.528" endtime="20241105 15:58:59.562"/>
</kw>
<kw name="Remove File" library="RPA.FileSystem">
<arg>${screenshot}</arg>
<doc>Removes the given file.</doc>
<status status="PASS" starttime="20241105 15:58:59.563" endtime="20241105 15:58:59.564"/>
</kw>
<kw name="Click" library="RPA.Browser.Playwright">
<arg>\#order-another</arg>
<tag>PageContent</tag>
<tag>Setter</tag>
<doc>Simulates mouse click on the element found by ``selector``.</doc>
<status status="PASS" starttime="20241105 15:58:59.564" endtime="20241105 15:58:59.716"/>
</kw>
<status status="PASS" starttime="20241105 15:58:58.461" endtime="20241105 15:58:59.716"/>
</kw>
<status status="PASS" starttime="20241105 15:58:58.461" endtime="20241105 15:58:59.716"/>
</iter>
<iter>
<var name="${row}">{'Order number': '4', 'Head': '2', 'Body': '3', 'Legs': '2', 'Address': 'Address 1'}</var>
<kw name="Fill And Submit CSV Data">
<arg>${row}</arg>
<kw name="Close Annoying Modal">
<kw name="Wait For Elements State" library="RPA.Browser.Playwright">
<arg>css=.modal-dialog</arg>
<arg>visible</arg>
<tag>PageContent</tag>
<tag>Wait</tag>
<doc>Waits for the element found by ``selector`` to satisfy state option.</doc>
<msg timestamp="20241105 15:58:59.728" level="INFO">Waited for Element with selector css=.modal-dialog at state visible</msg>
<status status="PASS" starttime="20241105 15:58:59.717" endtime="20241105 15:58:59.728"/>
</kw>
<kw name="Click" library="RPA.Browser.Playwright">
<arg>css=.btn.btn-dark</arg>
<tag>PageContent</tag>
<tag>Setter</tag>
<doc>Simulates mouse click on the element found by ``selector``.</doc>
[...]
</kw>
<kw name="Html To Pdf" library="RPA.PDF">
<arg>${receipt_html}</arg>
<arg>${OUTPUT_DIR}${/}results${/}receipt_${order_number}.pdf</arg>
<doc>Generate a PDF file from HTML content.</doc>
<msg timestamp="20241105 15:59:20.311" level="INFO">Writing output to file C:\Users\SiddharthLohapatre\OneDrive - nexler\Robot_Framework\robot_framework_cert2\results\receipt_20.pdf</msg>
<msg timestamp="20241105 15:59:20.373" level="INFO">maxp pruned</msg>
<msg timestamp="20241105 15:59:20.373" level="INFO">cmap pruned</msg>
<msg timestamp="20241105 15:59:20.373" level="INFO">post pruned</msg>
<msg timestamp="20241105 15:59:20.373" level="INFO">GDEF dropped</msg>
<msg timestamp="20241105 15:59:20.373" level="INFO">GPOS dropped</msg>
<msg timestamp="20241105 15:59:20.373" level="INFO">GSUB dropped</msg>
<msg timestamp="20241105 15:59:20.375" level="INFO">glyf pruned</msg>
<msg timestamp="20241105 15:59:20.375" level="INFO">Added gid0 to subset</msg>
<msg timestamp="20241105 15:59:20.376" level="INFO">Added first four glyphs to subset</msg>
<msg timestamp="20241105 15:59:20.376" level="INFO">Closing glyph list over 'glyf': 59 glyphs before</msg>
<msg timestamp="20241105 15:59:20.376" level="INFO">Glyph names: ['.notdef', '.null', 'uni0020', 'uni0021', 'uni002D', 'uni002E', 'uni0030', 'uni0031', 'uni0032', 'uni0033', 'uni0034', 'uni0035', 'uni0036', 'uni0037', 'uni0038', 'uni0039', 'uni003A', 'uni0041', 'uni0042', 'uni0043', 'uni0044', 'uni0045', 'uni0048', 'uni004B', 'uni004C', 'uni004D', 'uni004E', 'uni004F', 'uni0052', 'uni0053', 'uni0054', 'uni0057', 'uni0059', 'uni005A', 'uni0061', 'uni0062', 'uni0063', 'uni0064', 'uni0065', 'uni0066', 'uni0067', 'uni0068', 'uni0069', 'uni006B', 'uni006C', 'uni006D', 'uni006E', 'uni006F', 'uni0070', 'uni0072', 'uni0073', 'uni0074', 'uni0075', 'uni0076', 'uni0077', 'uni0079', 'uni007B', 'uni007D', 'uni00C4']</msg>
<msg timestamp="20241105 15:59:20.376" level="INFO">Glyph IDs:   [0, 1, 2, 3, 65, 73, 84, 95, 161, 270, 280, 291, 299, 320, 382, 395, 409, 456, 469, 493, 504, 575, 582, 594, 612, 645, 650, 660, 679, 715, 723, 752, 759, 775, 827, 837, 867, 884, 899, 932, 936, 950, 1294, 1295, 1296, 1298, 1299, 1300, 1302, 1303, 1304, 1305, 1329, 1345, 1346, 1361, 1404, 1407, 1681]</msg>
<msg timestamp="20241105 15:59:20.377" level="INFO">Closed glyph list over 'glyf': 59 glyphs after</msg>
<msg timestamp="20241105 15:59:20.377" level="INFO">Glyph names: ['.notdef', '.null', 'uni0020', 'uni0021', 'uni002D', 'uni002E', 'uni0030', 'uni0031', 'uni0032', 'uni0033', 'uni0034', 'uni0035', 'uni0036', 'uni0037', 'uni0038', 'uni0039', 'uni003A', 'uni0041', 'uni0042', 'uni0043', 'uni0044', 'uni0045', 'uni0048', 'uni004B', 'uni004C', 'uni004D', 'uni004E', 'uni004F', 'uni0052', 'uni0053', 'uni0054', 'uni0057', 'uni0059', 'uni005A', 'uni0061', 'uni0062', 'uni0063', 'uni0064', 'uni0065', 'uni0066', 'uni0067', 'uni0068', 'uni0069', 'uni006B', 'uni006C', 'uni006D', 'uni006E', 'uni006F', 'uni0070', 'uni0072', 'uni0073', 'uni0074', 'uni0075', 'uni0076', 'uni0077', 'uni0079', 'uni007B', 'uni007D', 'uni00C4']</msg>
<msg timestamp="20241105 15:59:20.377" level="INFO">Glyph IDs:   [0, 1, 2, 3, 65, 73, 84, 95, 161, 270, 280, 291, 299, 320, 382, 395, 409, 456, 469, 493, 504, 575, 582, 594, 612, 645, 650, 660, 679, 715, 723, 752, 759, 775, 827, 837, 867, 884, 899, 932, 936, 950, 1294, 1295, 1296, 1298, 1299, 1300, 1302, 1303, 1304, 1305, 1329, 1345, 1346, 1361, 1404, 1407, 1681]</msg>
<msg timestamp="20241105 15:59:20.377" level="INFO">Retaining 59 glyphs</msg>
<msg timestamp="20241105 15:59:20.378" level="INFO">head subsetting not needed</msg>
<msg timestamp="20241105 15:59:20.378" level="INFO">hhea subsetting not needed</msg>
<msg timestamp="20241105 15:59:20.378" level="INFO">maxp subsetting not needed</msg>
<msg timestamp="20241105 15:59:20.378" level="INFO">OS/2 subsetting not needed</msg>
<msg timestamp="20241105 15:59:20.378" level="INFO">hmtx subsetted</msg>
<msg timestamp="20241105 15:59:20.380" level="INFO">cmap subsetted</msg>
<msg timestamp="20241105 15:59:20.380" level="INFO">prep subsetting not needed</msg>
<msg timestamp="20241105 15:59:20.380" level="INFO">loca subsetting not needed</msg>
<msg timestamp="20241105 15:59:20.381" level="INFO">post subsetted</msg>
<msg timestamp="20241105 15:59:20.381" level="INFO">gasp subsetting not needed</msg>
<msg timestamp="20241105 15:59:20.381" level="INFO">STAT subsetting not needed</msg>
<msg timestamp="20241105 15:59:20.381" level="INFO">name subsetting not needed</msg>
<msg timestamp="20241105 15:59:20.381" level="INFO">glyf subsetted</msg>
<msg timestamp="20241105 15:59:20.382" level="INFO">head pruned</msg>
<msg timestamp="20241105 15:59:20.382" level="INFO">OS/2 Unicode ranges pruned: [0]</msg>
<msg timestamp="20241105 15:59:20.382" level="INFO">OS/2 CodePage ranges pruned: [0]</msg>
<msg timestamp="20241105 15:59:20.383" level="INFO">glyf pruned</msg>
<msg timestamp="20241105 15:59:20.383" level="INFO">name pruned</msg>
<msg timestamp="20241105 15:59:20.391" level="INFO">maxp pruned</msg>
<msg timestamp="20241105 15:59:20.391" level="INFO">cmap pruned</msg>
<msg timestamp="20241105 15:59:20.392" level="INFO">post pruned</msg>
<msg timestamp="20241105 15:59:20.392" level="INFO">GDEF dropped</msg>
<msg timestamp="20241105 15:59:20.392" level="INFO">GPOS dropped</msg>
<msg timestamp="20241105 15:59:20.392" level="INFO">GSUB dropped</msg>
<msg timestamp="20241105 15:59:20.394" level="INFO">glyf pruned</msg>
<msg timestamp="20241105 15:59:20.395" level="INFO">Added gid0 to subset</msg>
<msg timestamp="20241105 15:59:20.395" level="INFO">Added first four glyphs to subset</msg>
<msg timestamp="20241105 15:59:20.395" level="INFO">Closing glyph list over 'glyf': 19 glyphs before</msg>
<msg timestamp="20241105 15:59:20.395" level="INFO">Glyph names: ['.notdef', '.null', 'uni0020', 'uni0030', 'uni0031', 'uni0032', 'uni0033', 'uni0034', 'uni0035', 'uni0036', 'uni0037', 'uni0038', 'uni0039', 'uni0041', 'uni0062', 'uni006E', 'uni007B', 'uni007D', 'uni00C4']</msg>
<msg timestamp="20241105 15:59:20.395" level="INFO">Glyph IDs:   [0, 1, 2, 3, 575, 759, 1294, 1295, 1296, 1298, 1299, 1300, 1302, 1303, 1304, 1305, 1345, 1346, 1681]</msg>
<msg timestamp="20241105 15:59:20.395" level="INFO">Closed glyph list over 'glyf': 19 glyphs after</msg>
<msg timestamp="20241105 15:59:20.395" level="INFO">Glyph names: ['.notdef', '.null', 'uni0020', 'uni0030', 'uni0031', 'uni0032', 'uni0033', 'uni0034', 'uni0035', 'uni0036', 'uni0037', 'uni0038', 'uni0039', 'uni0041', 'uni0062', 'uni006E', 'uni007B', 'uni007D', 'uni00C4']</msg>
<msg timestamp="20241105 15:59:20.395" level="INFO">Glyph IDs:   [0, 1, 2, 3, 575, 759, 1294, 1295, 1296, 1298, 1299, 1300, 1302, 1303, 1304, 1305, 1345, 1346, 1681]</msg>
<msg timestamp="20241105 15:59:20.395" level="INFO">Retaining 19 glyphs</msg>
<msg timestamp="20241105 15:59:20.396" level="INFO">head subsetting not needed</msg>
<msg timestamp="20241105 15:59:20.396" level="INFO">hhea subsetting not needed</msg>
<msg timestamp="20241105 15:59:20.396" level="INFO">maxp subsetting not needed</msg>
<msg timestamp="20241105 15:59:20.396" level="INFO">OS/2 subsetting not needed</msg>
<msg timestamp="20241105 15:59:20.396" level="INFO">hmtx subsetted</msg>
<msg timestamp="20241105 15:59:20.397" level="INFO">cmap subsetted</msg>
<msg timestamp="20241105 15:59:20.398" level="INFO">prep subsetting not needed</msg>
<msg timestamp="20241105 15:59:20.398" level="INFO">loca subsetting not needed</msg>
<msg timestamp="20241105 15:59:20.398" level="INFO">post subsetted</msg>
<msg timestamp="20241105 15:59:20.398" level="INFO">gasp subsetting not needed</msg>
<msg timestamp="20241105 15:59:20.398" level="INFO">STAT subsetting not needed</msg>
<msg timestamp="20241105 15:59:20.398" level="INFO">name subsetting not needed</msg>
<msg timestamp="20241105 15:59:20.399" level="INFO">glyf subsetted</msg>
<msg timestamp="20241105 15:59:20.399" level="INFO">head pruned</msg>
<msg timestamp="20241105 15:59:20.400" level="INFO">OS/2 Unicode ranges pruned: [0]</msg>
<msg timestamp="20241105 15:59:20.400" level="INFO">OS/2 CodePage ranges pruned: [0]</msg>
<msg timestamp="20241105 15:59:20.400" level="INFO">glyf pruned</msg>
<msg timestamp="20241105 15:59:20.401" level="INFO">name pruned</msg>
<msg timestamp="20241105 15:59:20.406" level="INFO">maxp pruned</msg>
<msg timestamp="20241105 15:59:20.406" level="INFO">cmap pruned</msg>
<msg timestamp="20241105 15:59:20.407" level="INFO">post pruned</msg>
<msg timestamp="20241105 15:59:20.407" level="INFO">GDEF dropped</msg>
<msg timestamp="20241105 15:59:20.407" level="INFO">GPOS dropped</msg>
<msg timestamp="20241105 15:59:20.407" level="INFO">GSUB dropped</msg>
<msg timestamp="20241105 15:59:20.409" level="INFO">glyf pruned</msg>
<msg timestamp="20241105 15:59:20.411" level="INFO">Added gid0 to subset</msg>
<msg timestamp="20241105 15:59:20.411" level="INFO">Added first four glyphs to subset</msg>
<msg timestamp="20241105 15:59:20.411" level="INFO">Closing glyph list over 'glyf': 18 glyphs before</msg>
<msg timestamp="20241105 15:59:20.411" level="INFO">Glyph names: ['.notdef', '.null', 'uni0020', 'uni0030', 'uni0031', 'uni0032', 'uni0033', 'uni0034', 'uni0035', 'uni0036', 'uni0037', 'uni0038', 'uni0039', 'uni0062', 'uni006E', 'uni007B', 'uni007D', 'uni00A0']</msg>
<msg timestamp="20241105 15:59:20.411" level="INFO">Glyph IDs:   [0, 1, 2, 3, 544, 727, 1256, 1257, 1258, 1260, 1261, 1262, 1264, 1265, 1266, 1267, 1307, 1308]</msg>
<msg timestamp="20241105 15:59:20.411" level="INFO">Closed glyph list over 'glyf': 18 glyphs after</msg>
<msg timestamp="20241105 15:59:20.411" level="INFO">Glyph names: ['.notdef', '.null', 'uni0020', 'uni0030', 'uni0031', 'uni0032', 'uni0033', 'uni0034', 'uni0035', 'uni0036', 'uni0037', 'uni0038', 'uni0039', 'uni0062', 'uni006E', 'uni007B', 'uni007D', 'uni00A0']</msg>
<msg timestamp="20241105 15:59:20.411" level="INFO">Glyph IDs:   [0, 1, 2, 3, 544, 727, 1256, 1257, 1258, 1260, 1261, 1262, 1264, 1265, 1266, 1267, 1307, 1308]</msg>
<msg timestamp="20241105 15:59:20.411" level="INFO">Retaining 18 glyphs</msg>
<msg timestamp="20241105 15:59:20.412" level="INFO">head subsetting not needed</msg>
<msg timestamp="20241105 15:59:20.412" level="INFO">hhea subsetting not needed</msg>
<msg timestamp="20241105 15:59:20.412" level="INFO">maxp subsetting not needed</msg>
<msg timestamp="20241105 15:59:20.412" level="INFO">OS/2 subsetting not needed</msg>
<msg timestamp="20241105 15:59:20.412" level="INFO">hmtx subsetted</msg>
<msg timestamp="20241105 15:59:20.413" level="INFO">cmap subsetted</msg>
<msg timestamp="20241105 15:59:20.413" level="INFO">loca subsetting not needed</msg>
<msg timestamp="20241105 15:59:20.413" level="INFO">post subsetted</msg>
<msg timestamp="20241105 15:59:20.413" level="INFO">name subsetting not needed</msg>
<msg timestamp="20241105 15:59:20.414" level="INFO">glyf subsetted</msg>
<msg timestamp="20241105 15:59:20.415" level="INFO">head pruned</msg>
<msg timestamp="20241105 15:59:20.415" level="INFO">OS/2 Unicode ranges pruned: [0]</msg>
<msg timestamp="20241105 15:59:20.415" level="INFO">OS/2 CodePage ranges pruned: [0]</msg>
<msg timestamp="20241105 15:59:20.416" level="INFO">glyf pruned</msg>
<msg timestamp="20241105 15:59:20.416" level="INFO">name pruned</msg>
<msg timestamp="20241105 15:59:20.421" level="INFO">maxp pruned</msg>
<msg timestamp="20241105 15:59:20.422" level="INFO">cmap pruned</msg>
<msg timestamp="20241105 15:59:20.422" level="INFO">post pruned</msg>
<msg timestamp="20241105 15:59:20.422" level="INFO">GDEF dropped</msg>
<msg timestamp="20241105 15:59:20.422" level="INFO">GPOS dropped</msg>
<msg timestamp="20241105 15:59:20.422" level="INFO">GSUB dropped</msg>
<msg timestamp="20241105 15:59:20.425" level="INFO">glyf pruned</msg>
<msg timestamp="20241105 15:59:20.426" level="INFO">Added gid0 to subset</msg>
<msg timestamp="20241105 15:59:20.427" level="INFO">Added first four glyphs to subset</msg>
<msg timestamp="20241105 15:59:20.427" level="INFO">Closing glyph list over 'glyf': 18 glyphs before</msg>
<msg timestamp="20241105 15:59:20.427" level="INFO">Glyph names: ['.notdef', '.null', 'uni0020', 'uni0030', 'uni0031', 'uni0032', 'uni0033', 'uni0034', 'uni0035', 'uni0036', 'uni0037', 'uni0038', 'uni0039', 'uni0062', 'uni006E', 'uni007B', 'uni007D', 'uni00A0']</msg>
<msg timestamp="20241105 15:59:20.427" level="INFO">Glyph IDs:   [0, 1, 2, 3, 544, 727, 1256, 1257, 1258, 1260, 1261, 1262, 1264, 1265, 1266, 1267, 1307, 1308]</msg>
<msg timestamp="20241105 15:59:20.427" level="INFO">Closed glyph list over 'glyf': 18 glyphs after</msg>
<msg timestamp="20241105 15:59:20.427" level="INFO">Glyph names: ['.notdef', '.null', 'uni0020', 'uni0030', 'uni0031', 'uni0032', 'uni0033', 'uni0034', 'uni0035', 'uni0036', 'uni0037', 'uni0038', 'uni0039', 'uni0062', 'uni006E', 'uni007B', 'uni007D', 'uni00A0']</msg>
<msg timestamp="20241105 15:59:20.427" level="INFO">Glyph IDs:   [0, 1, 2, 3, 544, 727, 1256, 1257, 1258, 1260, 1261, 1262, 1264, 1265, 1266, 1267, 1307, 1308]</msg>
<msg timestamp="20241105 15:59:20.427" level="INFO">Retaining 18 glyphs</msg>
<msg timestamp="20241105 15:59:20.427" level="INFO">head subsetting not needed</msg>
<msg timestamp="20241105 15:59:20.428" level="INFO">hhea subsetting not needed</msg>
<msg timestamp="20241105 15:59:20.428" level="INFO">maxp subsetting not needed</msg>
<msg timestamp="20241105 15:59:20.428" level="INFO">OS/2 subsetting not needed</msg>
<msg timestamp="20241105 15:59:20.428" level="INFO">hmtx subsetted</msg>
<msg timestamp="20241105 15:59:20.428" level="INFO">cmap subsetted</msg>
<msg timestamp="20241105 15:59:20.429" level="INFO">loca subsetting not needed</msg>
<msg timestamp="20241105 15:59:20.429" level="INFO">post subsetted</msg>
<msg timestamp="20241105 15:59:20.429" level="INFO">name subsetting not needed</msg>
<msg timestamp="20241105 15:59:20.430" level="INFO">glyf subsetted</msg>
<msg timestamp="20241105 15:59:20.430" level="INFO">head pruned</msg>
<msg timestamp="20241105 15:59:20.431" level="INFO">OS/2 Unicode ranges pruned: [0]</msg>
<msg timestamp="20241105 15:59:20.431" level="INFO">OS/2 CodePage ranges pruned: [0]</msg>
<msg timestamp="20241105 15:59:20.432" level="INFO">glyf pruned</msg>
<msg timestamp="20241105 15:59:20.432" level="INFO">name pruned</msg>
<status status="PASS" starttime="20241105 15:59:20.310" endtime="20241105 15:59:20.439"/>
</kw>
<return>
<value>${OUTPUT_DIR}${/}results${/}receipt_${order_number}.pdf</value>
<status status="PASS" starttime="20241105 15:59:20.439" endtime="20241105 15:59:20.439"/>
</return>
<msg timestamp="20241105 15:59:20.439" level="INFO">${pdf_stored} = C:\Users\SiddharthLohapatre\OneDrive - nexler\Robot_Framework\robot_framework_cert2\results\receipt_20.pdf</msg>
<status status="PASS" starttime="20241105 15:59:20.304" endtime="20241105 15:59:20.440"/>
</kw>
<kw name="Screenshot Robot">
<var>${screenshot}</var>
<arg>${row}[Order number]</arg>
<kw name="Set Variable" library="BuiltIn">
<var>${screenshot_path}</var>
<arg>${OUTPUT_DIR}${/}results${/}screenshot_robot_${order_number}.png</arg>
<doc>Returns the given values which can then be assigned to a variables.</doc>
<msg timestamp="20241105 15:59:20.441" level="INFO">${screenshot_path} = C:\Users\SiddharthLohapatre\OneDrive - nexler\Robot_Framework\robot_framework_cert2\results\screenshot_robot_20.png</msg>
<status status="PASS" starttime="20241105 15:59:20.441" endtime="20241105 15:59:20.442"/>
</kw>
<kw name="Take Screenshot" library="RPA.Browser.Playwright">
<arg>selector=\#robot-preview-image</arg>
<arg>filename=${screenshot_path}</arg>
<tag>PageContent</tag>
<doc>Takes a screenshot of the current window or element and saves it to disk.</doc>
<msg timestamp="20241105 15:59:20.561" level="INFO" html="true">&lt;/td&gt;&lt;/tr&gt;&lt;tr&gt;&lt;td colspan="3"&gt;&lt;a href="results/screenshot_robot_20.png" target="_blank"&gt;&lt;img src="results/screenshot_robot_20.png" width="800px"/&gt;&lt;/a&gt;</msg>
<status status="PASS" starttime="20241105 15:59:20.442" endtime="20241105 15:59:20.561"/>
</kw>
<return>
<value>${screenshot_path}</value>
<status status="PASS" starttime="20241105 15:59:20.561" endtime="20241105 15:59:20.561"/>
</return>
<msg timestamp="20241105 15:59:20.561" level="INFO">${screenshot} = C:\Users\SiddharthLohapatre\OneDrive - nexler\Robot_Framework\robot_framework_cert2\results\screenshot_robot_20.png</msg>
<status status="PASS" starttime="20241105 15:59:20.440" endtime="20241105 15:59:20.561"/>
</kw>
<kw name="Embed Screenshot To Receipt">
<arg>${screenshot}</arg>
<arg>${pdf_stored}</arg>
<kw name="Create List" library="BuiltIn">
<var>${files}</var>
<arg>${screenshot}</arg>
<doc>Returns a list containing given items.</doc>
<msg timestamp="20241105 15:59:20.562" level="INFO">${files} = ['C:\\Users\\SiddharthLohapatre\\OneDrive - nexler\\Robot_Framework\\robot_framework_cert2\\results\\screenshot_robot_20.png']</msg>
<status status="PASS" starttime="20241105 15:59:20.562" endtime="20241105 15:59:20.562"/>
</kw>
<kw name="Add Files To Pdf" library="RPA.PDF">
<arg>files=${files}</arg>
<arg>target_document=${pdf_file}</arg>
<arg>append=${TRUE}</arg>
<doc>Add images and/or pdfs to new PDF document.</doc>
<msg timestamp="20241105 15:59:20.569" level="INFO">Adding page: 0</msg>
<msg timestamp="20241105 15:59:20.575" level="INFO">File C:\Users\SiddharthLohapatre\OneDrive - nexler\Robot_Framework\robot_framework_cert2\results\screenshot_robot_20.png type: png</msg>
<msg timestamp="20241105 15:59:20.575" level="INFO">Image parameters: {}</msg>
<status status="PASS" starttime="20241105 15:59:20.562" endtime="20241105 15:59:20.595"/>
</kw>
<status status="PASS" starttime="20241105 15:59:20.562" endtime="20241105 15:59:20.596"/>
</kw>
<kw name="Remove File" library="RPA.FileSystem">
<arg>${screenshot}</arg>
<doc>Removes the given file.</doc>
<status status="PASS" starttime="20241105 15:59:20.596" endtime="20241105 15:59:20.597"/>
</kw>
<kw name="Click" library="RPA.Browser.Playwright">
<arg>\#order-another</arg>
<tag>PageContent</tag>
<tag>Setter</tag>
<doc>Simulates mouse click on the element found by ``selector``.</doc>
<status status="PASS" starttime="20241105 15:59:20.598" endtime="20241105 15:59:20.720"/>
</kw>
<status status="PASS" starttime="20241105 15:59:19.455" endtime="20241105 15:59:20.720"/>
</kw>
<status status="PASS" starttime="20241105 15:59:19.454" endtime="20241105 15:59:20.720"/>
</iter>
<status status="PASS" starttime="20241105 15:58:55.802" endtime="20241105 15:59:20.720"/>
</for>
<status status="PASS" starttime="20241105 15:58:55.798" endtime="20241105 15:59:20.720"/>
</kw>
<kw name="Archive Receipts">
<kw name="Archive Folder With Zip" library="RPA.Archive">
<arg>${OUTPUT_DIR}${/}results</arg>
<arg>receipts_zip.zip</arg>
<doc>Create a zip archive of a folder</doc>
<status status="PASS" starttime="20241105 15:59:20.721" endtime="20241105 15:59:20.817"/>
</kw>
<status status="PASS" starttime="20241105 15:59:20.721" endtime="20241105 15:59:20.818"/>
</kw>
<status status="PASS" starttime="20241105 15:58:54.732" endtime="20241105 15:59:20.818"/>
</test>
<doc>Orders robots from RobotSpareBin Industries Inc.
Saves the order HTML receipt as a PDF file.
Saves the screenshot of the ordered robot.
Embeds the screenshot of the robot to the PDF receipt.
Creates ZIP archive of the receipts and the images.</doc>
<status status="PASS" starttime="20241105 15:58:53.163" endtime="20241105 15:59:20.821"/>
</suite>
<statistics>
<total>
<stat pass="1" fail="0" skip="0">All Tasks</stat>
</total>
<tag>
</tag>
<suite>
<stat pass="1" fail="0" skip="0" id="s1" name="Tasks">Tasks</stat>
</suite>
</statistics>
<errors>
</errors>
</robot>
